11:25:23 **** Build of configuration Debug for project MPU6050 ****
make -j12 all 
arm-none-eabi-gcc "../Drivers/STM32F4xx_HAL_Driver/Src/stm32f4xx_hal.c" -mcpu=cortex-m4 -std=gnu11 -g3 -DDEBUG -DUSE_HAL_DRIVER -DSTM32F446xx -c -I../Core/Inc -I../Drivers/STM32F4xx_HAL_Driver/Inc -I../Drivers/STM32F4xx_HAL_Driver/Inc/Legacy -I../Drivers/CMSIS/Device/ST/STM32F4xx/Include -I../Drivers/CMSIS/Include -O0 -ffunction-sections -fdata-sections -Wall -fstack-usage -fcyclomatic-complexity -MMD -MP -MF"Drivers/STM32F4xx_HAL_Driver/Src/stm32f4xx_hal.d" -MT"Drivers/STM32F4xx_HAL_Driver/Src/stm32f4xx_hal.o" --specs=nano.specs -mfpu=fpv4-sp-d16 -mfloat-abi=hard -mthumb -o "Drivers/STM32F4xx_HAL_Driver/Src/stm32f4xx_hal.o"
arm-none-eabi-gcc "../Drivers/STM32F4xx_HAL_Driver/Src/stm32f4xx_hal_cortex.c" -mcpu=cortex-m4 -std=gnu11 -g3 -DDEBUG -DUSE_HAL_DRIVER -DSTM32F446xx -c -I../Core/Inc -I../Drivers/STM32F4xx_HAL_Driver/Inc -I../Drivers/STM32F4xx_HAL_Driver/Inc/Legacy -I../Drivers/CMSIS/Device/ST/STM32F4xx/Include -I../Drivers/CMSIS/Include -O0 -ffunction-sections -fdata-sections -Wall -fstack-usage -fcyclomatic-complexity -MMD -MP -MF"Drivers/STM32F4xx_HAL_Driver/Src/stm32f4xx_hal_cortex.d" -MT"Drivers/STM32F4xx_HAL_Driver/Src/stm32f4xx_hal_cortex.o" --specs=nano.specs -mfpu=fpv4-sp-d16 -mfloat-abi=hard -mthumb -o "Drivers/STM32F4xx_HAL_Driver/Src/stm32f4xx_hal_cortex.o"
arm-none-eabi-gcc "../Drivers/STM32F4xx_HAL_Driver/Src/stm32f4xx_hal_dma.c" -mcpu=cortex-m4 -std=gnu11 -g3 -DDEBUG -DUSE_HAL_DRIVER -DSTM32F446xx -c -I../Core/Inc -I../Drivers/STM32F4xx_HAL_Driver/Inc -I../Drivers/STM32F4xx_HAL_Driver/Inc/Legacy -I../Drivers/CMSIS/Device/ST/STM32F4xx/Include -I../Drivers/CMSIS/Include -O0 -ffunction-sections -fdata-sections -Wall -fstack-usage -fcyclomatic-complexity -MMD -MP -MF"Drivers/STM32F4xx_HAL_Driver/Src/stm32f4xx_hal_dma.d" -MT"Drivers/STM32F4xx_HAL_Driver/Src/stm32f4xx_hal_dma.o" --specs=nano.specs -mfpu=fpv4-sp-d16 -mfloat-abi=hard -mthumb -o "Drivers/STM32F4xx_HAL_Driver/Src/stm32f4xx_hal_dma.o"
arm-none-eabi-gcc "../Drivers/STM32F4xx_HAL_Driver/Src/stm32f4xx_hal_dma_ex.c" -mcpu=cortex-m4 -std=gnu11 -g3 -DDEBUG -DUSE_HAL_DRIVER -DSTM32F446xx -c -I../Core/Inc -I../Drivers/STM32F4xx_HAL_Driver/Inc -I../Drivers/STM32F4xx_HAL_Driver/Inc/Legacy -I../Drivers/CMSIS/Device/ST/STM32F4xx/Include -I../Drivers/CMSIS/Include -O0 -ffunction-sections -fdata-sections -Wall -fstack-usage -fcyclomatic-complexity -MMD -MP -MF"Drivers/STM32F4xx_HAL_Driver/Src/stm32f4xx_hal_dma_ex.d" -MT"Drivers/STM32F4xx_HAL_Driver/Src/stm32f4xx_hal_dma_ex.o" --specs=nano.specs -mfpu=fpv4-sp-d16 -mfloat-abi=hard -mthumb -o "Drivers/STM32F4xx_HAL_Driver/Src/stm32f4xx_hal_dma_ex.o"
arm-none-eabi-gcc "../Drivers/STM32F4xx_HAL_Driver/Src/stm32f4xx_hal_exti.c" -mcpu=cortex-m4 -std=gnu11 -g3 -DDEBUG -DUSE_HAL_DRIVER -DSTM32F446xx -c -I../Core/Inc -I../Drivers/STM32F4xx_HAL_Driver/Inc -I../Drivers/STM32F4xx_HAL_Driver/Inc/Legacy -I../Drivers/CMSIS/Device/ST/STM32F4xx/Include -I../Drivers/CMSIS/Include -O0 -ffunction-sections -fdata-sections -Wall -fstack-usage -fcyclomatic-complexity -MMD -MP -MF"Drivers/STM32F4xx_HAL_Driver/Src/stm32f4xx_hal_exti.d" -MT"Drivers/STM32F4xx_HAL_Driver/Src/stm32f4xx_hal_exti.o" --specs=nano.specs -mfpu=fpv4-sp-d16 -mfloat-abi=hard -mthumb -o "Drivers/STM32F4xx_HAL_Driver/Src/stm32f4xx_hal_exti.o"
arm-none-eabi-gcc "../Drivers/STM32F4xx_HAL_Driver/Src/stm32f4xx_hal_flash.c" -mcpu=cortex-m4 -std=gnu11 -g3 -DDEBUG -DUSE_HAL_DRIVER -DSTM32F446xx -c -I../Core/Inc -I../Drivers/STM32F4xx_HAL_Driver/Inc -I../Drivers/STM32F4xx_HAL_Driver/Inc/Legacy -I../Drivers/CMSIS/Device/ST/STM32F4xx/Include -I../Drivers/CMSIS/Include -O0 -ffunction-sections -fdata-sections -Wall -fstack-usage -fcyclomatic-complexity -MMD -MP -MF"Drivers/STM32F4xx_HAL_Driver/Src/stm32f4xx_hal_flash.d" -MT"Drivers/STM32F4xx_HAL_Driver/Src/stm32f4xx_hal_flash.o" --specs=nano.specs -mfpu=fpv4-sp-d16 -mfloat-abi=hard -mthumb -o "Drivers/STM32F4xx_HAL_Driver/Src/stm32f4xx_hal_flash.o"
arm-none-eabi-gcc "../Drivers/STM32F4xx_HAL_Driver/Src/stm32f4xx_hal_flash_ex.c" -mcpu=cortex-m4 -std=gnu11 -g3 -DDEBUG -DUSE_HAL_DRIVER -DSTM32F446xx -c -I../Core/Inc -I../Drivers/STM32F4xx_HAL_Driver/Inc -I../Drivers/STM32F4xx_HAL_Driver/Inc/Legacy -I../Drivers/CMSIS/Device/ST/STM32F4xx/Include -I../Drivers/CMSIS/Include -O0 -ffunction-sections -fdata-sections -Wall -fstack-usage -fcyclomatic-complexity -MMD -MP -MF"Drivers/STM32F4xx_HAL_Driver/Src/stm32f4xx_hal_flash_ex.d" -MT"Drivers/STM32F4xx_HAL_Driver/Src/stm32f4xx_hal_flash_ex.o" --specs=nano.specs -mfpu=fpv4-sp-d16 -mfloat-abi=hard -mthumb -o "Drivers/STM32F4xx_HAL_Driver/Src/stm32f4xx_hal_flash_ex.o"
arm-none-eabi-gcc "../Drivers/STM32F4xx_HAL_Driver/Src/stm32f4xx_hal_flash_ramfunc.c" -mcpu=cortex-m4 -std=gnu11 -g3 -DDEBUG -DUSE_HAL_DRIVER -DSTM32F446xx -c -I../Core/Inc -I../Drivers/STM32F4xx_HAL_Driver/Inc -I../Drivers/STM32F4xx_HAL_Driver/Inc/Legacy -I../Drivers/CMSIS/Device/ST/STM32F4xx/Include -I../Drivers/CMSIS/Include -O0 -ffunction-sections -fdata-sections -Wall -fstack-usage -fcyclomatic-complexity -MMD -MP -MF"Drivers/STM32F4xx_HAL_Driver/Src/stm32f4xx_hal_flash_ramfunc.d" -MT"Drivers/STM32F4xx_HAL_Driver/Src/stm32f4xx_hal_flash_ramfunc.o" --specs=nano.specs -mfpu=fpv4-sp-d16 -mfloat-abi=hard -mthumb -o "Drivers/STM32F4xx_HAL_Driver/Src/stm32f4xx_hal_flash_ramfunc.o"
arm-none-eabi-gcc "../Drivers/STM32F4xx_HAL_Driver/Src/stm32f4xx_hal_gpio.c" -mcpu=cortex-m4 -std=gnu11 -g3 -DDEBUG -DUSE_HAL_DRIVER -DSTM32F446xx -c -I../Core/Inc -I../Drivers/STM32F4xx_HAL_Driver/Inc -I../Drivers/STM32F4xx_HAL_Driver/Inc/Legacy -I../Drivers/CMSIS/Device/ST/STM32F4xx/Include -I../Drivers/CMSIS/Include -O0 -ffunction-sections -fdata-sections -Wall -fstack-usage -fcyclomatic-complexity -MMD -MP -MF"Drivers/STM32F4xx_HAL_Driver/Src/stm32f4xx_hal_gpio.d" -MT"Drivers/STM32F4xx_HAL_Driver/Src/stm32f4xx_hal_gpio.o" --specs=nano.specs -mfpu=fpv4-sp-d16 -mfloat-abi=hard -mthumb -o "Drivers/STM32F4xx_HAL_Driver/Src/stm32f4xx_hal_gpio.o"
arm-none-eabi-gcc "../Drivers/STM32F4xx_HAL_Driver/Src/stm32f4xx_hal_i2c.c" -mcpu=cortex-m4 -std=gnu11 -g3 -DDEBUG -DUSE_HAL_DRIVER -DSTM32F446xx -c -I../Core/Inc -I../Drivers/STM32F4xx_HAL_Driver/Inc -I../Drivers/STM32F4xx_HAL_Driver/Inc/Legacy -I../Drivers/CMSIS/Device/ST/STM32F4xx/Include -I../Drivers/CMSIS/Include -O0 -ffunction-sections -fdata-sections -Wall -fstack-usage -fcyclomatic-complexity -MMD -MP -MF"Drivers/STM32F4xx_HAL_Driver/Src/stm32f4xx_hal_i2c.d" -MT"Drivers/STM32F4xx_HAL_Driver/Src/stm32f4xx_hal_i2c.o" --specs=nano.specs -mfpu=fpv4-sp-d16 -mfloat-abi=hard -mthumb -o "Drivers/STM32F4xx_HAL_Driver/Src/stm32f4xx_hal_i2c.o"
arm-none-eabi-gcc "../Drivers/STM32F4xx_HAL_Driver/Src/stm32f4xx_hal_i2c_ex.c" -mcpu=cortex-m4 -std=gnu11 -g3 -DDEBUG -DUSE_HAL_DRIVER -DSTM32F446xx -c -I../Core/Inc -I../Drivers/STM32F4xx_HAL_Driver/Inc -I../Drivers/STM32F4xx_HAL_Driver/Inc/Legacy -I../Drivers/CMSIS/Device/ST/STM32F4xx/Include -I../Drivers/CMSIS/Include -O0 -ffunction-sections -fdata-sections -Wall -fstack-usage -fcyclomatic-complexity -MMD -MP -MF"Drivers/STM32F4xx_HAL_Driver/Src/stm32f4xx_hal_i2c_ex.d" -MT"Drivers/STM32F4xx_HAL_Driver/Src/stm32f4xx_hal_i2c_ex.o" --specs=nano.specs -mfpu=fpv4-sp-d16 -mfloat-abi=hard -mthumb -o "Drivers/STM32F4xx_HAL_Driver/Src/stm32f4xx_hal_i2c_ex.o"
arm-none-eabi-gcc "../Drivers/STM32F4xx_HAL_Driver/Src/stm32f4xx_hal_pwr.c" -mcpu=cortex-m4 -std=gnu11 -g3 -DDEBUG -DUSE_HAL_DRIVER -DSTM32F446xx -c -I../Core/Inc -I../Drivers/STM32F4xx_HAL_Driver/Inc -I../Drivers/STM32F4xx_HAL_Driver/Inc/Legacy -I../Drivers/CMSIS/Device/ST/STM32F4xx/Include -I../Drivers/CMSIS/Include -O0 -ffunction-sections -fdata-sections -Wall -fstack-usage -fcyclomatic-complexity -MMD -MP -MF"Drivers/STM32F4xx_HAL_Driver/Src/stm32f4xx_hal_pwr.d" -MT"Drivers/STM32F4xx_HAL_Driver/Src/stm32f4xx_hal_pwr.o" --specs=nano.specs -mfpu=fpv4-sp-d16 -mfloat-abi=hard -mthumb -o "Drivers/STM32F4xx_HAL_Driver/Src/stm32f4xx_hal_pwr.o"
arm-none-eabi-gcc "../Drivers/STM32F4xx_HAL_Driver/Src/stm32f4xx_hal_pwr_ex.c" -mcpu=cortex-m4 -std=gnu11 -g3 -DDEBUG -DUSE_HAL_DRIVER -DSTM32F446xx -c -I../Core/Inc -I../Drivers/STM32F4xx_HAL_Driver/Inc -I../Drivers/STM32F4xx_HAL_Driver/Inc/Legacy -I../Drivers/CMSIS/Device/ST/STM32F4xx/Include -I../Drivers/CMSIS/Include -O0 -ffunction-sections -fdata-sections -Wall -fstack-usage -fcyclomatic-complexity -MMD -MP -MF"Drivers/STM32F4xx_HAL_Driver/Src/stm32f4xx_hal_pwr_ex.d" -MT"Drivers/STM32F4xx_HAL_Driver/Src/stm32f4xx_hal_pwr_ex.o" --specs=nano.specs -mfpu=fpv4-sp-d16 -mfloat-abi=hard -mthumb -o "Drivers/STM32F4xx_HAL_Driver/Src/stm32f4xx_hal_pwr_ex.o"
arm-none-eabi-gcc "../Drivers/STM32F4xx_HAL_Driver/Src/stm32f4xx_hal_rcc.c" -mcpu=cortex-m4 -std=gnu11 -g3 -DDEBUG -DUSE_HAL_DRIVER -DSTM32F446xx -c -I../Core/Inc -I../Drivers/STM32F4xx_HAL_Driver/Inc -I../Drivers/STM32F4xx_HAL_Driver/Inc/Legacy -I../Drivers/CMSIS/Device/ST/STM32F4xx/Include -I../Drivers/CMSIS/Include -O0 -ffunction-sections -fdata-sections -Wall -fstack-usage -fcyclomatic-complexity -MMD -MP -MF"Drivers/STM32F4xx_HAL_Driver/Src/stm32f4xx_hal_rcc.d" -MT"Drivers/STM32F4xx_HAL_Driver/Src/stm32f4xx_hal_rcc.o" --specs=nano.specs -mfpu=fpv4-sp-d16 -mfloat-abi=hard -mthumb -o "Drivers/STM32F4xx_HAL_Driver/Src/stm32f4xx_hal_rcc.o"
arm-none-eabi-gcc "../Drivers/STM32F4xx_HAL_Driver/Src/stm32f4xx_hal_rcc_ex.c" -mcpu=cortex-m4 -std=gnu11 -g3 -DDEBUG -DUSE_HAL_DRIVER -DSTM32F446xx -c -I../Core/Inc -I../Drivers/STM32F4xx_HAL_Driver/Inc -I../Drivers/STM32F4xx_HAL_Driver/Inc/Legacy -I../Drivers/CMSIS/Device/ST/STM32F4xx/Include -I../Drivers/CMSIS/Include -O0 -ffunction-sections -fdata-sections -Wall -fstack-usage -fcyclomatic-complexity -MMD -MP -MF"Drivers/STM32F4xx_HAL_Driver/Src/stm32f4xx_hal_rcc_ex.d" -MT"Drivers/STM32F4xx_HAL_Driver/Src/stm32f4xx_hal_rcc_ex.o" --specs=nano.specs -mfpu=fpv4-sp-d16 -mfloat-abi=hard -mthumb -o "Drivers/STM32F4xx_HAL_Driver/Src/stm32f4xx_hal_rcc_ex.o"
arm-none-eabi-gcc "../Drivers/STM32F4xx_HAL_Driver/Src/stm32f4xx_hal_uart.c" -mcpu=cortex-m4 -std=gnu11 -g3 -DDEBUG -DUSE_HAL_DRIVER -DSTM32F446xx -c -I../Core/Inc -I../Drivers/STM32F4xx_HAL_Driver/Inc -I../Drivers/STM32F4xx_HAL_Driver/Inc/Legacy -I../Drivers/CMSIS/Device/ST/STM32F4xx/Include -I../Drivers/CMSIS/Include -O0 -ffunction-sections -fdata-sections -Wall -fstack-usage -fcyclomatic-complexity -MMD -MP -MF"Drivers/STM32F4xx_HAL_Driver/Src/stm32f4xx_hal_uart.d" -MT"Drivers/STM32F4xx_HAL_Driver/Src/stm32f4xx_hal_uart.o" --specs=nano.specs -mfpu=fpv4-sp-d16 -mfloat-abi=hard -mthumb -o "Drivers/STM32F4xx_HAL_Driver/Src/stm32f4xx_hal_uart.o"
arm-none-eabi-gcc -mcpu=cortex-m4 -g3 -DDEBUG -c -x assembler-with-cpp -MMD -MP -MF"Core/Startup/startup_stm32f446retx.d" -MT"Core/Startup/startup_stm32f446retx.o" --specs=nano.specs -mfpu=fpv4-sp-d16 -mfloat-abi=hard -mthumb -o "Core/Startup/startup_stm32f446retx.o" "../Core/Startup/startup_stm32f446retx.s"
arm-none-eabi-gcc "../Core/Src/main.c" -mcpu=cortex-m4 -std=gnu11 -g3 -DDEBUG -DUSE_HAL_DRIVER -DSTM32F446xx -c -I../Core/Inc -I../Drivers/STM32F4xx_HAL_Driver/Inc -I../Drivers/STM32F4xx_HAL_Driver/Inc/Legacy -I../Drivers/CMSIS/Device/ST/STM32F4xx/Include -I../Drivers/CMSIS/Include -O0 -ffunction-sections -fdata-sections -Wall -fstack-usage -fcyclomatic-complexity -MMD -MP -MF"Core/Src/main.d" -MT"Core/Src/main.o" --specs=nano.specs -mfpu=fpv4-sp-d16 -mfloat-abi=hard -mthumb -o "Core/Src/main.o"
arm-none-eabi-gcc "../Core/Src/stm32f4xx_hal_msp.c" -mcpu=cortex-m4 -std=gnu11 -g3 -DDEBUG -DUSE_HAL_DRIVER -DSTM32F446xx -c -I../Core/Inc -I../Drivers/STM32F4xx_HAL_Driver/Inc -I../Drivers/STM32F4xx_HAL_Driver/Inc/Legacy -I../Drivers/CMSIS/Device/ST/STM32F4xx/Include -I../Drivers/CMSIS/Include -O0 -ffunction-sections -fdata-sections -Wall -fstack-usage -fcyclomatic-complexity -MMD -MP -MF"Core/Src/stm32f4xx_hal_msp.d" -MT"Core/Src/stm32f4xx_hal_msp.o" --specs=nano.specs -mfpu=fpv4-sp-d16 -mfloat-abi=hard -mthumb -o "Core/Src/stm32f4xx_hal_msp.o"
arm-none-eabi-gcc "../Core/Src/stm32f4xx_it.c" -mcpu=cortex-m4 -std=gnu11 -g3 -DDEBUG -DUSE_HAL_DRIVER -DSTM32F446xx -c -I../Core/Inc -I../Drivers/STM32F4xx_HAL_Driver/Inc -I../Drivers/STM32F4xx_HAL_Driver/Inc/Legacy -I../Drivers/CMSIS/Device/ST/STM32F4xx/Include -I../Drivers/CMSIS/Include -O0 -ffunction-sections -fdata-sections -Wall -fstack-usage -fcyclomatic-complexity -MMD -MP -MF"Core/Src/stm32f4xx_it.d" -MT"Core/Src/stm32f4xx_it.o" --specs=nano.specs -mfpu=fpv4-sp-d16 -mfloat-abi=hard -mthumb -o "Core/Src/stm32f4xx_it.o"
arm-none-eabi-gcc "../Core/Src/syscalls.c" -mcpu=cortex-m4 -std=gnu11 -g3 -DDEBUG -DUSE_HAL_DRIVER -DSTM32F446xx -c -I../Core/Inc -I../Drivers/STM32F4xx_HAL_Driver/Inc -I../Drivers/STM32F4xx_HAL_Driver/Inc/Legacy -I../Drivers/CMSIS/Device/ST/STM32F4xx/Include -I../Drivers/CMSIS/Include -O0 -ffunction-sections -fdata-sections -Wall -fstack-usage -fcyclomatic-complexity -MMD -MP -MF"Core/Src/syscalls.d" -MT"Core/Src/syscalls.o" --specs=nano.specs -mfpu=fpv4-sp-d16 -mfloat-abi=hard -mthumb -o "Core/Src/syscalls.o"
arm-none-eabi-gcc "../Core/Src/sysmem.c" -mcpu=cortex-m4 -std=gnu11 -g3 -DDEBUG -DUSE_HAL_DRIVER -DSTM32F446xx -c -I../Core/Inc -I../Drivers/STM32F4xx_HAL_Driver/Inc -I../Drivers/STM32F4xx_HAL_Driver/Inc/Legacy -I../Drivers/CMSIS/Device/ST/STM32F4xx/Include -I../Drivers/CMSIS/Include -O0 -ffunction-sections -fdata-sections -Wall -fstack-usage -fcyclomatic-complexity -MMD -MP -MF"Core/Src/sysmem.d" -MT"Core/Src/sysmem.o" --specs=nano.specs -mfpu=fpv4-sp-d16 -mfloat-abi=hard -mthumb -o "Core/Src/sysmem.o"
arm-none-eabi-gcc "../Core/Src/system_stm32f4xx.c" -mcpu=cortex-m4 -std=gnu11 -g3 -DDEBUG -DUSE_HAL_DRIVER -DSTM32F446xx -c -I../Core/Inc -I../Drivers/STM32F4xx_HAL_Driver/Inc -I../Drivers/STM32F4xx_HAL_Driver/Inc/Legacy -I../Drivers/CMSIS/Device/ST/STM32F4xx/Include -I../Drivers/CMSIS/Include -O0 -ffunction-sections -fdata-sections -Wall -fstack-usage -fcyclomatic-complexity -MMD -MP -MF"Core/Src/system_stm32f4xx.d" -MT"Core/Src/system_stm32f4xx.o" --specs=nano.specs -mfpu=fpv4-sp-d16 -mfloat-abi=hard -mthumb -o "Core/Src/system_stm32f4xx.o"
../Core/Src/main.c: In function 'main':
../Core/Src/main.c:104:11: warning: implicit declaration of function 'printf' [-Wimplicit-function-declaration]
  104 |           printf("Hello!\n");
      |           ^~~~~~
../Core/Src/main.c:25:1: note: include '<stdio.h>' or provide a declaration of 'printf'
   24 | #include <string.h>
  +++ |+#include <stdio.h>
   25 | /* USER CODE END Includes */
../Core/Src/main.c:104:11: warning: incompatible implicit declaration of built-in function 'printf' [-Wbuiltin-declaration-mismatch]
  104 |           printf("Hello!\n");
      |           ^~~~~~
../Core/Src/main.c:104:11: note: include '<stdio.h>' or provide a declaration of 'printf'
arm-none-eabi-gcc -o "MPU6050.elf" @"objects.list"   -mcpu=cortex-m4 -T"C:\Users\Piter\OneDrive\Pulpit\Robots\Ski-jumping-shoe\PZN_grant\MPU6050\STM32F446RETX_FLASH.ld" --specs=nosys.specs -Wl,-Map="MPU6050.map" -Wl,--gc-sections -static --specs=nano.specs -mfpu=fpv4-sp-d16 -mfloat-abi=hard -mthumb -Wl,--start-group -lc -lm -Wl,--end-group
Finished building target: MPU6050.elf
 
arm-none-eabi-size  MPU6050.elf 
arm-none-eabi-objdump -h -S MPU6050.elf  > "MPU6050.list"
   text	   data	    bss	    dec	    hex	filename
  12300	    104	   2064	  14468	   3884	MPU6050.elf
Finished building: default.size.stdout
 
Finished building: MPU6050.list
 
11:25:34 **** Incremental Build of configuration Debug for project MPU6050 ****
make -j12 all 
arm-none-eabi-size  MPU6050.elf 
   text	   data	    bss	    dec	    hex	filename
  12300	    104	   2064	  14468	   3884	MPU6050.elf
Finished building: default.size.stdout
 
11:49:50 **** Incremental Build of configuration Debug for project MPU6050 ****
make -j12 all 
arm-none-eabi-gcc "../Core/Src/main.c" -mcpu=cortex-m4 -std=gnu11 -g3 -DDEBUG -DUSE_HAL_DRIVER -DSTM32F446xx -c -I../Core/Inc -I../Drivers/STM32F4xx_HAL_Driver/Inc -I../Drivers/STM32F4xx_HAL_Driver/Inc/Legacy -I../Drivers/CMSIS/Device/ST/STM32F4xx/Include -I../Drivers/CMSIS/Include -O0 -ffunction-sections -fdata-sections -Wall -fstack-usage -fcyclomatic-complexity -MMD -MP -MF"Core/Src/main.d" -MT"Core/Src/main.o" --specs=nano.specs -mfpu=fpv4-sp-d16 -mfloat-abi=hard -mthumb -o "Core/Src/main.o"
../Core/Src/main.c: In function 'main':
../Core/Src/main.c:34:31: error: expected ')' before ';' token
   34 | #define MPU6050_ADDR 0x68 << 1;
      |                               ^
../Core/Src/main.c:98:56: note: in expansion of macro 'MPU6050_ADDR'
   98 |   HAL_StatusTypeDef ret = HAL_I2C_IsDeviceReady(hi2c1, MPU6050_ADDR, 1, 100);
      |                                                        ^~~~~~~~~~~~
../Core/Src/main.c:98:48: note: to match this '('
   98 |   HAL_StatusTypeDef ret = HAL_I2C_IsDeviceReady(hi2c1, MPU6050_ADDR, 1, 100);
      |                                                ^
../Core/Src/main.c:98:49: error: incompatible type for argument 1 of 'HAL_I2C_IsDeviceReady'
   98 |   HAL_StatusTypeDef ret = HAL_I2C_IsDeviceReady(hi2c1, MPU6050_ADDR, 1, 100);
      |                                                 ^~~~~
      |                                                 |
      |                                                 I2C_HandleTypeDef
In file included from ../Core/Inc/stm32f4xx_hal_conf.h:363,
                 from ../Drivers/STM32F4xx_HAL_Driver/Inc/stm32f4xx_hal.h:29,
                 from ../Core/Inc/main.h:30,
                 from ../Core/Src/main.c:20:
../Drivers/STM32F4xx_HAL_Driver/Inc/stm32f4xx_hal_i2c.h:572:60: note: expected 'I2C_HandleTypeDef *' but argument is of type 'I2C_HandleTypeDef'
  572 | HAL_StatusTypeDef HAL_I2C_IsDeviceReady(I2C_HandleTypeDef *hi2c, uint16_t DevAddress, uint32_t Trials, uint32_t Timeout);
      |                                         ~~~~~~~~~~~~~~~~~~~^~~~
../Core/Src/main.c:98:27: error: too few arguments to function 'HAL_I2C_IsDeviceReady'
   98 |   HAL_StatusTypeDef ret = HAL_I2C_IsDeviceReady(hi2c1, MPU6050_ADDR, 1, 100);
      |                           ^~~~~~~~~~~~~~~~~~~~~
../Drivers/STM32F4xx_HAL_Driver/Inc/stm32f4xx_hal_i2c.h:572:19: note: declared here
  572 | HAL_StatusTypeDef HAL_I2C_IsDeviceReady(I2C_HandleTypeDef *hi2c, uint16_t DevAddress, uint32_t Trials, uint32_t Timeout);
      |                   ^~~~~~~~~~~~~~~~~~~~~
../Core/Src/main.c:100:11: warning: implicit declaration of function 'printf' [-Wimplicit-function-declaration]
  100 |           printf("Deveice ready\n");
      |           ^~~~~~
../Core/Src/main.c:25:1: note: include '<stdio.h>' or provide a declaration of 'printf'
   24 | #include <string.h>
  +++ |+#include <stdio.h>
   25 | /* USER CODE END Includes */
../Core/Src/main.c:100:11: warning: incompatible implicit declaration of built-in function 'printf' [-Wbuiltin-declaration-mismatch]
  100 |           printf("Deveice ready\n");
      |           ^~~~~~
../Core/Src/main.c:100:11: note: include '<stdio.h>' or provide a declaration of 'printf'
../Core/Src/main.c:103:11: warning: implicit declaration of function 'prinf' [-Wimplicit-function-declaration]
  103 |           prinf("Device not detected. Check connection.\n")
      |           ^~~~~
../Core/Src/main.c:103:60: error: expected ';' before '}' token
  103 |           prinf("Device not detected. Check connection.\n")
      |                                                            ^
      |                                                            ;
  104 |   }
      |   ~                                                         
../Core/Src/main.c:111:11: warning: incompatible implicit declaration of built-in function 'printf' [-Wbuiltin-declaration-mismatch]
  111 |           printf("Hello!\n");
      |           ^~~~~~
../Core/Src/main.c:111:11: note: include '<stdio.h>' or provide a declaration of 'printf'
make: *** [Core/Src/subdir.mk:34: Core/Src/main.o] Error 1
"make -j12 all" terminated with exit code 2. Build might be incomplete.
11:51:17 **** Incremental Build of configuration Debug for project MPU6050 ****
make -j12 all 
arm-none-eabi-gcc "../Core/Src/main.c" -mcpu=cortex-m4 -std=gnu11 -g3 -DDEBUG -DUSE_HAL_DRIVER -DSTM32F446xx -c -I../Core/Inc -I../Drivers/STM32F4xx_HAL_Driver/Inc -I../Drivers/STM32F4xx_HAL_Driver/Inc/Legacy -I../Drivers/CMSIS/Device/ST/STM32F4xx/Include -I../Drivers/CMSIS/Include -O0 -ffunction-sections -fdata-sections -Wall -fstack-usage -fcyclomatic-complexity -MMD -MP -MF"Core/Src/main.d" -MT"Core/Src/main.o" --specs=nano.specs -mfpu=fpv4-sp-d16 -mfloat-abi=hard -mthumb -o "Core/Src/main.o"
../Core/Src/main.c: In function 'main':
../Core/Src/main.c:98:49: error: incompatible type for argument 1 of 'HAL_I2C_IsDeviceReady'
   98 |   HAL_StatusTypeDef ret = HAL_I2C_IsDeviceReady(hi2c1, 0x68 << 1, 1, 100);
      |                                                 ^~~~~
      |                                                 |
      |                                                 I2C_HandleTypeDef
In file included from ../Core/Inc/stm32f4xx_hal_conf.h:363,
                 from ../Drivers/STM32F4xx_HAL_Driver/Inc/stm32f4xx_hal.h:29,
                 from ../Core/Inc/main.h:30,
                 from ../Core/Src/main.c:20:
../Drivers/STM32F4xx_HAL_Driver/Inc/stm32f4xx_hal_i2c.h:572:60: note: expected 'I2C_HandleTypeDef *' but argument is of type 'I2C_HandleTypeDef'
  572 | HAL_StatusTypeDef HAL_I2C_IsDeviceReady(I2C_HandleTypeDef *hi2c, uint16_t DevAddress, uint32_t Trials, uint32_t Timeout);
      |                                         ~~~~~~~~~~~~~~~~~~~^~~~
../Core/Src/main.c:100:11: warning: implicit declaration of function 'printf' [-Wimplicit-function-declaration]
  100 |           printf("Deveice ready\n");
      |           ^~~~~~
../Core/Src/main.c:25:1: note: include '<stdio.h>' or provide a declaration of 'printf'
   24 | #include <string.h>
  +++ |+#include <stdio.h>
   25 | /* USER CODE END Includes */
../Core/Src/main.c:100:11: warning: incompatible implicit declaration of built-in function 'printf' [-Wbuiltin-declaration-mismatch]
  100 |           printf("Deveice ready\n");
      |           ^~~~~~
../Core/Src/main.c:100:11: note: include '<stdio.h>' or provide a declaration of 'printf'
../Core/Src/main.c:103:11: warning: implicit declaration of function 'prinf' [-Wimplicit-function-declaration]
  103 |           prinf("Device not detected. Check connection.\n");
      |           ^~~~~
../Core/Src/main.c:111:11: warning: incompatible implicit declaration of built-in function 'printf' [-Wbuiltin-declaration-mismatch]
  111 |           printf("Hello!\n");
      |           ^~~~~~
../Core/Src/main.c:111:11: note: include '<stdio.h>' or provide a declaration of 'printf'
make: *** [Core/Src/subdir.mk:34: Core/Src/main.o] Error 1
"make -j12 all" terminated with exit code 2. Build might be incomplete.
11:53:01 **** Incremental Build of configuration Debug for project MPU6050 ****
make -j12 all 
arm-none-eabi-gcc "../Core/Src/main.c" -mcpu=cortex-m4 -std=gnu11 -g3 -DDEBUG -DUSE_HAL_DRIVER -DSTM32F446xx -c -I../Core/Inc -I../Drivers/STM32F4xx_HAL_Driver/Inc -I../Drivers/STM32F4xx_HAL_Driver/Inc/Legacy -I../Drivers/CMSIS/Device/ST/STM32F4xx/Include -I../Drivers/CMSIS/Include -O0 -ffunction-sections -fdata-sections -Wall -fstack-usage -fcyclomatic-complexity -MMD -MP -MF"Core/Src/main.d" -MT"Core/Src/main.o" --specs=nano.specs -mfpu=fpv4-sp-d16 -mfloat-abi=hard -mthumb -o "Core/Src/main.o"
../Core/Src/main.c: In function 'main':
../Core/Src/main.c:100:11: warning: implicit declaration of function 'printf' [-Wimplicit-function-declaration]
  100 |           printf("Deveice ready\n");
      |           ^~~~~~
../Core/Src/main.c:25:1: note: include '<stdio.h>' or provide a declaration of 'printf'
   24 | #include <string.h>
  +++ |+#include <stdio.h>
   25 | /* USER CODE END Includes */
../Core/Src/main.c:100:11: warning: incompatible implicit declaration of built-in function 'printf' [-Wbuiltin-declaration-mismatch]
  100 |           printf("Deveice ready\n");
      |           ^~~~~~
../Core/Src/main.c:100:11: note: include '<stdio.h>' or provide a declaration of 'printf'
../Core/Src/main.c:103:11: warning: implicit declaration of function 'prinf' [-Wimplicit-function-declaration]
  103 |           prinf("Device not detected. Check connection.\n");
      |           ^~~~~
../Core/Src/main.c:111:11: warning: incompatible implicit declaration of built-in function 'printf' [-Wbuiltin-declaration-mismatch]
  111 |           printf("Hello!\n");
      |           ^~~~~~
../Core/Src/main.c:111:11: note: include '<stdio.h>' or provide a declaration of 'printf'
arm-none-eabi-gcc -o "MPU6050.elf" @"objects.list"   -mcpu=cortex-m4 -T"C:\Users\Piter\OneDrive\Pulpit\Robots\Ski-jumping-shoe\PZN_grant\MPU6050\STM32F446RETX_FLASH.ld" --specs=nosys.specs -Wl,-Map="MPU6050.map" -Wl,--gc-sections -static --specs=nano.specs -mfpu=fpv4-sp-d16 -mfloat-abi=hard -mthumb -Wl,--start-group -lc -lm -Wl,--end-group
C:/ST/STM32CubeIDE_1.13.2/STM32CubeIDE/plugins/com.st.stm32cube.ide.mcu.externaltools.gnu-tools-for-stm32.13.3.rel1.win32_1.0.0.202411081344/tools/bin/../lib/gcc/arm-none-eabi/13.3.1/../../../../arm-none-eabi/bin/ld.exe: ./Core/Src/main.o: in function `main':
C:/Users/Piter/OneDrive/Pulpit/Robots/Ski-jumping-shoe/PZN_grant/MPU6050/Debug/../Core/Src/main.c:103:(.text.main+0x3a): undefined reference to `prinf'
collect2.exe: error: ld returned 1 exit status
make: *** [makefile:64: MPU6050.elf] Error 1
"make -j12 all" terminated with exit code 2. Build might be incomplete.
11:53:39 **** Incremental Build of configuration Debug for project MPU6050 ****
make -j12 all 
arm-none-eabi-gcc "../Core/Src/main.c" -mcpu=cortex-m4 -std=gnu11 -g3 -DDEBUG -DUSE_HAL_DRIVER -DSTM32F446xx -c -I../Core/Inc -I../Drivers/STM32F4xx_HAL_Driver/Inc -I../Drivers/STM32F4xx_HAL_Driver/Inc/Legacy -I../Drivers/CMSIS/Device/ST/STM32F4xx/Include -I../Drivers/CMSIS/Include -O0 -ffunction-sections -fdata-sections -Wall -fstack-usage -fcyclomatic-complexity -MMD -MP -MF"Core/Src/main.d" -MT"Core/Src/main.o" --specs=nano.specs -mfpu=fpv4-sp-d16 -mfloat-abi=hard -mthumb -o "Core/Src/main.o"
../Core/Src/main.c: In function 'main':
../Core/Src/main.c:100:11: warning: implicit declaration of function 'printf' [-Wimplicit-function-declaration]
  100 |           printf("Deveice ready\n");
      |           ^~~~~~
../Core/Src/main.c:25:1: note: include '<stdio.h>' or provide a declaration of 'printf'
   24 | #include <string.h>
  +++ |+#include <stdio.h>
   25 | /* USER CODE END Includes */
../Core/Src/main.c:100:11: warning: incompatible implicit declaration of built-in function 'printf' [-Wbuiltin-declaration-mismatch]
  100 |           printf("Deveice ready\n");
      |           ^~~~~~
../Core/Src/main.c:100:11: note: include '<stdio.h>' or provide a declaration of 'printf'
../Core/Src/main.c:103:11: warning: implicit declaration of function 'prinf' [-Wimplicit-function-declaration]
  103 |           prinf("Device not detected. Check connection.\n");
      |           ^~~~~
../Core/Src/main.c:111:11: warning: incompatible implicit declaration of built-in function 'printf' [-Wbuiltin-declaration-mismatch]
  111 |           printf("Hello!\n");
      |           ^~~~~~
../Core/Src/main.c:111:11: note: include '<stdio.h>' or provide a declaration of 'printf'
arm-none-eabi-gcc -o "MPU6050.elf" @"objects.list"   -mcpu=cortex-m4 -T"C:\Users\Piter\OneDrive\Pulpit\Robots\Ski-jumping-shoe\PZN_grant\MPU6050\STM32F446RETX_FLASH.ld" --specs=nosys.specs -Wl,-Map="MPU6050.map" -Wl,--gc-sections -static --specs=nano.specs -mfpu=fpv4-sp-d16 -mfloat-abi=hard -mthumb -Wl,--start-group -lc -lm -Wl,--end-group
C:/ST/STM32CubeIDE_1.13.2/STM32CubeIDE/plugins/com.st.stm32cube.ide.mcu.externaltools.gnu-tools-for-stm32.13.3.rel1.win32_1.0.0.202411081344/tools/bin/../lib/gcc/arm-none-eabi/13.3.1/../../../../arm-none-eabi/bin/ld.exe: ./Core/Src/main.o: in function `main':
C:/Users/Piter/OneDrive/Pulpit/Robots/Ski-jumping-shoe/PZN_grant/MPU6050/Debug/../Core/Src/main.c:103:(.text.main+0x3a): undefined reference to `prinf'
collect2.exe: error: ld returned 1 exit status
make: *** [makefile:64: MPU6050.elf] Error 1
"make -j12 all" terminated with exit code 2. Build might be incomplete.
11:54:49 **** Incremental Build of configuration Debug for project MPU6050 ****
make -j12 all 
arm-none-eabi-gcc "../Core/Src/main.c" -mcpu=cortex-m4 -std=gnu11 -g3 -DDEBUG -DUSE_HAL_DRIVER -DSTM32F446xx -c -I../Core/Inc -I../Drivers/STM32F4xx_HAL_Driver/Inc -I../Drivers/STM32F4xx_HAL_Driver/Inc/Legacy -I../Drivers/CMSIS/Device/ST/STM32F4xx/Include -I../Drivers/CMSIS/Include -O0 -ffunction-sections -fdata-sections -Wall -fstack-usage -fcyclomatic-complexity -MMD -MP -MF"Core/Src/main.d" -MT"Core/Src/main.o" --specs=nano.specs -mfpu=fpv4-sp-d16 -mfloat-abi=hard -mthumb -o "Core/Src/main.o"
../Core/Src/main.c: In function 'main':
../Core/Src/main.c:107:11: warning: implicit declaration of function 'printf' [-Wimplicit-function-declaration]
  107 |           printf("Deveice ready\n");
      |           ^~~~~~
../Core/Src/main.c:25:1: note: include '<stdio.h>' or provide a declaration of 'printf'
   24 | #include <string.h>
  +++ |+#include <stdio.h>
   25 | /* USER CODE END Includes */
../Core/Src/main.c:107:11: warning: incompatible implicit declaration of built-in function 'printf' [-Wbuiltin-declaration-mismatch]
  107 |           printf("Deveice ready\n");
      |           ^~~~~~
../Core/Src/main.c:107:11: note: include '<stdio.h>' or provide a declaration of 'printf'
../Core/Src/main.c:110:11: warning: implicit declaration of function 'prinf' [-Wimplicit-function-declaration]
  110 |           prinf("Device not detected. Check connection.\n");
      |           ^~~~~
../Core/Src/main.c:118:11: warning: incompatible implicit declaration of built-in function 'printf' [-Wbuiltin-declaration-mismatch]
  118 |           printf("Hello!\n");
      |           ^~~~~~
../Core/Src/main.c:118:11: note: include '<stdio.h>' or provide a declaration of 'printf'
arm-none-eabi-gcc -o "MPU6050.elf" @"objects.list"   -mcpu=cortex-m4 -T"C:\Users\Piter\OneDrive\Pulpit\Robots\Ski-jumping-shoe\PZN_grant\MPU6050\STM32F446RETX_FLASH.ld" --specs=nosys.specs -Wl,-Map="MPU6050.map" -Wl,--gc-sections -static --specs=nano.specs -mfpu=fpv4-sp-d16 -mfloat-abi=hard -mthumb -Wl,--start-group -lc -lm -Wl,--end-group
C:/ST/STM32CubeIDE_1.13.2/STM32CubeIDE/plugins/com.st.stm32cube.ide.mcu.externaltools.gnu-tools-for-stm32.13.3.rel1.win32_1.0.0.202411081344/tools/bin/../lib/gcc/arm-none-eabi/13.3.1/../../../../arm-none-eabi/bin/ld.exe: ./Core/Src/main.o: in function `main':
C:/Users/Piter/OneDrive/Pulpit/Robots/Ski-jumping-shoe/PZN_grant/MPU6050/Debug/../Core/Src/main.c:110:(.text.main+0x3a): undefined reference to `prinf'
collect2.exe: error: ld returned 1 exit status
make: *** [makefile:64: MPU6050.elf] Error 1
"make -j12 all" terminated with exit code 2. Build might be incomplete.
11:55:05 **** Incremental Build of configuration Debug for project MPU6050 ****
make -j12 all 
arm-none-eabi-gcc "../Core/Src/main.c" -mcpu=cortex-m4 -std=gnu11 -g3 -DDEBUG -DUSE_HAL_DRIVER -DSTM32F446xx -c -I../Core/Inc -I../Drivers/STM32F4xx_HAL_Driver/Inc -I../Drivers/STM32F4xx_HAL_Driver/Inc/Legacy -I../Drivers/CMSIS/Device/ST/STM32F4xx/Include -I../Drivers/CMSIS/Include -O0 -ffunction-sections -fdata-sections -Wall -fstack-usage -fcyclomatic-complexity -MMD -MP -MF"Core/Src/main.d" -MT"Core/Src/main.o" --specs=nano.specs -mfpu=fpv4-sp-d16 -mfloat-abi=hard -mthumb -o "Core/Src/main.o"
../Core/Src/main.c: In function 'main':
../Core/Src/main.c:107:11: warning: implicit declaration of function 'printf' [-Wimplicit-function-declaration]
  107 |           printf("Deveice ready\n");
      |           ^~~~~~
../Core/Src/main.c:25:1: note: include '<stdio.h>' or provide a declaration of 'printf'
   24 | #include <string.h>
  +++ |+#include <stdio.h>
   25 | /* USER CODE END Includes */
../Core/Src/main.c:107:11: warning: incompatible implicit declaration of built-in function 'printf' [-Wbuiltin-declaration-mismatch]
  107 |           printf("Deveice ready\n");
      |           ^~~~~~
../Core/Src/main.c:107:11: note: include '<stdio.h>' or provide a declaration of 'printf'
../Core/Src/main.c:110:11: warning: incompatible implicit declaration of built-in function 'printf' [-Wbuiltin-declaration-mismatch]
  110 |           printf("Device not detected. Check connection.\n");
      |           ^~~~~~
../Core/Src/main.c:110:11: note: include '<stdio.h>' or provide a declaration of 'printf'
../Core/Src/main.c:118:11: warning: incompatible implicit declaration of built-in function 'printf' [-Wbuiltin-declaration-mismatch]
  118 |           printf("Hello!\n");
      |           ^~~~~~
../Core/Src/main.c:118:11: note: include '<stdio.h>' or provide a declaration of 'printf'
arm-none-eabi-gcc -o "MPU6050.elf" @"objects.list"   -mcpu=cortex-m4 -T"C:\Users\Piter\OneDrive\Pulpit\Robots\Ski-jumping-shoe\PZN_grant\MPU6050\STM32F446RETX_FLASH.ld" --specs=nosys.specs -Wl,-Map="MPU6050.map" -Wl,--gc-sections -static --specs=nano.specs -mfpu=fpv4-sp-d16 -mfloat-abi=hard -mthumb -Wl,--start-group -lc -lm -Wl,--end-group
Finished building target: MPU6050.elf
 
arm-none-eabi-size  MPU6050.elf 
arm-none-eabi-objdump -h -S MPU6050.elf  > "MPU6050.list"
   text	   data	    bss	    dec	    hex	filename
  13252	    104	   2064	  15420	   3c3c	MPU6050.elf
Finished building: default.size.stdout
 
Finished building: MPU6050.list
 
11:56:05 **** Incremental Build of configuration Debug for project MPU6050 ****
make -j12 all 
arm-none-eabi-gcc "../Core/Src/main.c" -mcpu=cortex-m4 -std=gnu11 -g3 -DDEBUG -DUSE_HAL_DRIVER -DSTM32F446xx -c -I../Core/Inc -I../Drivers/STM32F4xx_HAL_Driver/Inc -I../Drivers/STM32F4xx_HAL_Driver/Inc/Legacy -I../Drivers/CMSIS/Device/ST/STM32F4xx/Include -I../Drivers/CMSIS/Include -O0 -ffunction-sections -fdata-sections -Wall -fstack-usage -fcyclomatic-complexity -MMD -MP -MF"Core/Src/main.d" -MT"Core/Src/main.o" --specs=nano.specs -mfpu=fpv4-sp-d16 -mfloat-abi=hard -mthumb -o "Core/Src/main.o"
../Core/Src/main.c: In function 'main':
../Core/Src/main.c:105:3: warning: implicit declaration of function 'printf' [-Wimplicit-function-declaration]
  105 |   printf("Checking connection...\n")
      |   ^~~~~~
../Core/Src/main.c:25:1: note: include '<stdio.h>' or provide a declaration of 'printf'
   24 | #include <string.h>
  +++ |+#include <stdio.h>
   25 | /* USER CODE END Includes */
../Core/Src/main.c:105:3: warning: incompatible implicit declaration of built-in function 'printf' [-Wbuiltin-declaration-mismatch]
  105 |   printf("Checking connection...\n")
      |   ^~~~~~
../Core/Src/main.c:105:3: note: include '<stdio.h>' or provide a declaration of 'printf'
../Core/Src/main.c:105:37: error: expected ';' before 'HAL_StatusTypeDef'
  105 |   printf("Checking connection...\n")
      |                                     ^
      |                                     ;
  106 |   HAL_StatusTypeDef ret = HAL_I2C_IsDeviceReady(&hi2c1, MPU6050_ADDR, 1, 100);
      |   ~~~~~~~~~~~~~~~~~                  
../Core/Src/main.c:107:7: error: 'ret' undeclared (first use in this function)
  107 |   if (ret == HAL_OK){
      |       ^~~
../Core/Src/main.c:107:7: note: each undeclared identifier is reported only once for each function it appears in
make: *** [Core/Src/subdir.mk:34: Core/Src/main.o] Error 1
"make -j12 all" terminated with exit code 2. Build might be incomplete.
11:56:15 **** Incremental Build of configuration Debug for project MPU6050 ****
make -j12 all 
arm-none-eabi-gcc "../Core/Src/main.c" -mcpu=cortex-m4 -std=gnu11 -g3 -DDEBUG -DUSE_HAL_DRIVER -DSTM32F446xx -c -I../Core/Inc -I../Drivers/STM32F4xx_HAL_Driver/Inc -I../Drivers/STM32F4xx_HAL_Driver/Inc/Legacy -I../Drivers/CMSIS/Device/ST/STM32F4xx/Include -I../Drivers/CMSIS/Include -O0 -ffunction-sections -fdata-sections -Wall -fstack-usage -fcyclomatic-complexity -MMD -MP -MF"Core/Src/main.d" -MT"Core/Src/main.o" --specs=nano.specs -mfpu=fpv4-sp-d16 -mfloat-abi=hard -mthumb -o "Core/Src/main.o"
../Core/Src/main.c: In function 'main':
../Core/Src/main.c:105:3: warning: implicit declaration of function 'printf' [-Wimplicit-function-declaration]
  105 |   printf("Checking connection...\n");
      |   ^~~~~~
../Core/Src/main.c:25:1: note: include '<stdio.h>' or provide a declaration of 'printf'
   24 | #include <string.h>
  +++ |+#include <stdio.h>
   25 | /* USER CODE END Includes */
../Core/Src/main.c:105:3: warning: incompatible implicit declaration of built-in function 'printf' [-Wbuiltin-declaration-mismatch]
  105 |   printf("Checking connection...\n");
      |   ^~~~~~
../Core/Src/main.c:105:3: note: include '<stdio.h>' or provide a declaration of 'printf'
arm-none-eabi-gcc -o "MPU6050.elf" @"objects.list"   -mcpu=cortex-m4 -T"C:\Users\Piter\OneDrive\Pulpit\Robots\Ski-jumping-shoe\PZN_grant\MPU6050\STM32F446RETX_FLASH.ld" --specs=nosys.specs -Wl,-Map="MPU6050.map" -Wl,--gc-sections -static --specs=nano.specs -mfpu=fpv4-sp-d16 -mfloat-abi=hard -mthumb -Wl,--start-group -lc -lm -Wl,--end-group
Finished building target: MPU6050.elf
 
arm-none-eabi-size  MPU6050.elf 
arm-none-eabi-objdump -h -S MPU6050.elf  > "MPU6050.list"
   text	   data	    bss	    dec	    hex	filename
  13288	    104	   2064	  15456	   3c60	MPU6050.elf
Finished building: default.size.stdout
 
Finished building: MPU6050.list
 
12:05:33 **** Incremental Build of configuration Debug for project MPU6050 ****
make -j12 all 
arm-none-eabi-gcc "../Core/Src/main.c" -mcpu=cortex-m4 -std=gnu11 -g3 -DDEBUG -DUSE_HAL_DRIVER -DSTM32F446xx -c -I../Core/Inc -I../Drivers/STM32F4xx_HAL_Driver/Inc -I../Drivers/STM32F4xx_HAL_Driver/Inc/Legacy -I../Drivers/CMSIS/Device/ST/STM32F4xx/Include -I../Drivers/CMSIS/Include -O0 -ffunction-sections -fdata-sections -Wall -fstack-usage -fcyclomatic-complexity -MMD -MP -MF"Core/Src/main.d" -MT"Core/Src/main.o" --specs=nano.specs -mfpu=fpv4-sp-d16 -mfloat-abi=hard -mthumb -o "Core/Src/main.o"
../Core/Src/main.c: In function 'main':
../Core/Src/main.c:105:3: warning: implicit declaration of function 'printf' [-Wimplicit-function-declaration]
  105 |   printf("Checking connection...\n");
      |   ^~~~~~
../Core/Src/main.c:25:1: note: include '<stdio.h>' or provide a declaration of 'printf'
   24 | #include <string.h>
  +++ |+#include <stdio.h>
   25 | /* USER CODE END Includes */
../Core/Src/main.c:105:3: warning: incompatible implicit declaration of built-in function 'printf' [-Wbuiltin-declaration-mismatch]
  105 |   printf("Checking connection...\n");
      |   ^~~~~~
../Core/Src/main.c:105:3: note: include '<stdio.h>' or provide a declaration of 'printf'
../Core/Src/main.c:117:21: error: redefinition of 'ret'
  117 |   HAL_StatusTypeDef ret = HAL_I2C_Mem_Write(&hi2c1, MPU6050_ADDR, 27, 1, &temp_data, 1, 100);
      |                     ^~~
../Core/Src/main.c:106:21: note: previous definition of 'ret' with type 'HAL_StatusTypeDef'
  106 |   HAL_StatusTypeDef ret = HAL_I2C_IsDeviceReady(&hi2c1, MPU6050_ADDR, 1, 100);
      |                     ^~~
make: *** [Core/Src/subdir.mk:34: Core/Src/main.o] Error 1
"make -j12 all" terminated with exit code 2. Build might be incomplete.
12:05:51 **** Incremental Build of configuration Debug for project MPU6050 ****
make -j12 all 
arm-none-eabi-gcc "../Core/Src/main.c" -mcpu=cortex-m4 -std=gnu11 -g3 -DDEBUG -DUSE_HAL_DRIVER -DSTM32F446xx -c -I../Core/Inc -I../Drivers/STM32F4xx_HAL_Driver/Inc -I../Drivers/STM32F4xx_HAL_Driver/Inc/Legacy -I../Drivers/CMSIS/Device/ST/STM32F4xx/Include -I../Drivers/CMSIS/Include -O0 -ffunction-sections -fdata-sections -Wall -fstack-usage -fcyclomatic-complexity -MMD -MP -MF"Core/Src/main.d" -MT"Core/Src/main.o" --specs=nano.specs -mfpu=fpv4-sp-d16 -mfloat-abi=hard -mthumb -o "Core/Src/main.o"
../Core/Src/main.c: In function 'main':
../Core/Src/main.c:105:3: warning: implicit declaration of function 'printf' [-Wimplicit-function-declaration]
  105 |   printf("Checking connection...\n");
      |   ^~~~~~
../Core/Src/main.c:25:1: note: include '<stdio.h>' or provide a declaration of 'printf'
   24 | #include <string.h>
  +++ |+#include <stdio.h>
   25 | /* USER CODE END Includes */
../Core/Src/main.c:105:3: warning: incompatible implicit declaration of built-in function 'printf' [-Wbuiltin-declaration-mismatch]
  105 |   printf("Checking connection...\n");
      |   ^~~~~~
../Core/Src/main.c:105:3: note: include '<stdio.h>' or provide a declaration of 'printf'
arm-none-eabi-gcc -o "MPU6050.elf" @"objects.list"   -mcpu=cortex-m4 -T"C:\Users\Piter\OneDrive\Pulpit\Robots\Ski-jumping-shoe\PZN_grant\MPU6050\STM32F446RETX_FLASH.ld" --specs=nosys.specs -Wl,-Map="MPU6050.map" -Wl,--gc-sections -static --specs=nano.specs -mfpu=fpv4-sp-d16 -mfloat-abi=hard -mthumb -Wl,--start-group -lc -lm -Wl,--end-group
Finished building target: MPU6050.elf
 
arm-none-eabi-size  MPU6050.elf 
arm-none-eabi-objdump -h -S MPU6050.elf  > "MPU6050.list"
   text	   data	    bss	    dec	    hex	filename
  15044	    104	   2064	  17212	   433c	MPU6050.elf
Finished building: default.size.stdout
 
Finished building: MPU6050.list
 
12:27:07 **** Incremental Build of configuration Debug for project MPU6050 ****
make -j12 all 
arm-none-eabi-gcc "../Core/Src/main.c" -mcpu=cortex-m4 -std=gnu11 -g3 -DDEBUG -DUSE_HAL_DRIVER -DSTM32F446xx -c -I../Core/Inc -I../Drivers/STM32F4xx_HAL_Driver/Inc -I../Drivers/STM32F4xx_HAL_Driver/Inc/Legacy -I../Drivers/CMSIS/Device/ST/STM32F4xx/Include -I../Drivers/CMSIS/Include -O0 -ffunction-sections -fdata-sections -Wall -fstack-usage -fcyclomatic-complexity -MMD -MP -MF"Core/Src/main.d" -MT"Core/Src/main.o" --specs=nano.specs -mfpu=fpv4-sp-d16 -mfloat-abi=hard -mthumb -o "Core/Src/main.o"
arm-none-eabi-gcc "../Core/Src/mpu6050.c" -mcpu=cortex-m4 -std=gnu11 -g3 -DDEBUG -DUSE_HAL_DRIVER -DSTM32F446xx -c -I../Core/Inc -I../Drivers/STM32F4xx_HAL_Driver/Inc -I../Drivers/STM32F4xx_HAL_Driver/Inc/Legacy -I../Drivers/CMSIS/Device/ST/STM32F4xx/Include -I../Drivers/CMSIS/Include -O0 -ffunction-sections -fdata-sections -Wall -fstack-usage -fcyclomatic-complexity -MMD -MP -MF"Core/Src/mpu6050.d" -MT"Core/Src/mpu6050.o" --specs=nano.specs -mfpu=fpv4-sp-d16 -mfloat-abi=hard -mthumb -o "Core/Src/mpu6050.o"
arm-none-eabi-gcc "../Core/Src/stm32f4xx_hal_msp.c" -mcpu=cortex-m4 -std=gnu11 -g3 -DDEBUG -DUSE_HAL_DRIVER -DSTM32F446xx -c -I../Core/Inc -I../Drivers/STM32F4xx_HAL_Driver/Inc -I../Drivers/STM32F4xx_HAL_Driver/Inc/Legacy -I../Drivers/CMSIS/Device/ST/STM32F4xx/Include -I../Drivers/CMSIS/Include -O0 -ffunction-sections -fdata-sections -Wall -fstack-usage -fcyclomatic-complexity -MMD -MP -MF"Core/Src/stm32f4xx_hal_msp.d" -MT"Core/Src/stm32f4xx_hal_msp.o" --specs=nano.specs -mfpu=fpv4-sp-d16 -mfloat-abi=hard -mthumb -o "Core/Src/stm32f4xx_hal_msp.o"
arm-none-eabi-gcc "../Core/Src/stm32f4xx_it.c" -mcpu=cortex-m4 -std=gnu11 -g3 -DDEBUG -DUSE_HAL_DRIVER -DSTM32F446xx -c -I../Core/Inc -I../Drivers/STM32F4xx_HAL_Driver/Inc -I../Drivers/STM32F4xx_HAL_Driver/Inc/Legacy -I../Drivers/CMSIS/Device/ST/STM32F4xx/Include -I../Drivers/CMSIS/Include -O0 -ffunction-sections -fdata-sections -Wall -fstack-usage -fcyclomatic-complexity -MMD -MP -MF"Core/Src/stm32f4xx_it.d" -MT"Core/Src/stm32f4xx_it.o" --specs=nano.specs -mfpu=fpv4-sp-d16 -mfloat-abi=hard -mthumb -o "Core/Src/stm32f4xx_it.o"
arm-none-eabi-gcc "../Core/Src/syscalls.c" -mcpu=cortex-m4 -std=gnu11 -g3 -DDEBUG -DUSE_HAL_DRIVER -DSTM32F446xx -c -I../Core/Inc -I../Drivers/STM32F4xx_HAL_Driver/Inc -I../Drivers/STM32F4xx_HAL_Driver/Inc/Legacy -I../Drivers/CMSIS/Device/ST/STM32F4xx/Include -I../Drivers/CMSIS/Include -O0 -ffunction-sections -fdata-sections -Wall -fstack-usage -fcyclomatic-complexity -MMD -MP -MF"Core/Src/syscalls.d" -MT"Core/Src/syscalls.o" --specs=nano.specs -mfpu=fpv4-sp-d16 -mfloat-abi=hard -mthumb -o "Core/Src/syscalls.o"
arm-none-eabi-gcc "../Core/Src/sysmem.c" -mcpu=cortex-m4 -std=gnu11 -g3 -DDEBUG -DUSE_HAL_DRIVER -DSTM32F446xx -c -I../Core/Inc -I../Drivers/STM32F4xx_HAL_Driver/Inc -I../Drivers/STM32F4xx_HAL_Driver/Inc/Legacy -I../Drivers/CMSIS/Device/ST/STM32F4xx/Include -I../Drivers/CMSIS/Include -O0 -ffunction-sections -fdata-sections -Wall -fstack-usage -fcyclomatic-complexity -MMD -MP -MF"Core/Src/sysmem.d" -MT"Core/Src/sysmem.o" --specs=nano.specs -mfpu=fpv4-sp-d16 -mfloat-abi=hard -mthumb -o "Core/Src/sysmem.o"
arm-none-eabi-gcc "../Core/Src/system_stm32f4xx.c" -mcpu=cortex-m4 -std=gnu11 -g3 -DDEBUG -DUSE_HAL_DRIVER -DSTM32F446xx -c -I../Core/Inc -I../Drivers/STM32F4xx_HAL_Driver/Inc -I../Drivers/STM32F4xx_HAL_Driver/Inc/Legacy -I../Drivers/CMSIS/Device/ST/STM32F4xx/Include -I../Drivers/CMSIS/Include -O0 -ffunction-sections -fdata-sections -Wall -fstack-usage -fcyclomatic-complexity -MMD -MP -MF"Core/Src/system_stm32f4xx.d" -MT"Core/Src/system_stm32f4xx.o" --specs=nano.specs -mfpu=fpv4-sp-d16 -mfloat-abi=hard -mthumb -o "Core/Src/system_stm32f4xx.o"
../Core/Src/mpu6050.c: In function 'mpu6050_init':
../Core/Src/mpu6050.c:6:9: warning: implicit declaration of function 'printf' [-Wimplicit-function-declaration]
    6 |         printf("Checking connection...\n");
      |         ^~~~~~
../Core/Src/mpu6050.c:3:1: note: include '<stdio.h>' or provide a declaration of 'printf'
    2 | #include<main.h>
  +++ |+#include <stdio.h>
    3 | extern I2C_HandleTypeDef hi2c1;
../Core/Src/mpu6050.c:6:9: warning: incompatible implicit declaration of built-in function 'printf' [-Wbuiltin-declaration-mismatch]
    6 |         printf("Checking connection...\n");
      |         ^~~~~~
../Core/Src/mpu6050.c:6:9: note: include '<stdio.h>' or provide a declaration of 'printf'
../Core/Src/main.c: In function 'main':
../Core/Src/main.c:113:11: warning: implicit declaration of function 'printf' [-Wimplicit-function-declaration]
  113 |           printf("Hello!\n");
      |           ^~~~~~
../Core/Src/main.c:26:1: note: include '<stdio.h>' or provide a declaration of 'printf'
   25 | #include "mpu6050.h"
  +++ |+#include <stdio.h>
   26 | /* USER CODE END Includes */
../Core/Src/main.c:113:11: warning: incompatible implicit declaration of built-in function 'printf' [-Wbuiltin-declaration-mismatch]
  113 |           printf("Hello!\n");
      |           ^~~~~~
../Core/Src/main.c:113:11: note: include '<stdio.h>' or provide a declaration of 'printf'
arm-none-eabi-gcc -o "MPU6050.elf" @"objects.list"   -mcpu=cortex-m4 -T"C:\Users\Piter\OneDrive\Pulpit\Robots\Ski-jumping-shoe\PZN_grant\MPU6050\STM32F446RETX_FLASH.ld" --specs=nosys.specs -Wl,-Map="MPU6050.map" -Wl,--gc-sections -static --specs=nano.specs -mfpu=fpv4-sp-d16 -mfloat-abi=hard -mthumb -Wl,--start-group -lc -lm -Wl,--end-group
Finished building target: MPU6050.elf
 
arm-none-eabi-size  MPU6050.elf 
arm-none-eabi-objdump -h -S MPU6050.elf  > "MPU6050.list"
   text	   data	    bss	    dec	    hex	filename
  15060	    104	   2064	  17228	   434c	MPU6050.elf
Finished building: default.size.stdout
 
Finished building: MPU6050.list
 
12:28:38 **** Incremental Build of configuration Debug for project MPU6050 ****
make -j12 all 
arm-none-eabi-gcc "../Core/Src/main.c" -mcpu=cortex-m4 -std=gnu11 -g3 -DDEBUG -DUSE_HAL_DRIVER -DSTM32F446xx -c -I../Core/Inc -I../Drivers/STM32F4xx_HAL_Driver/Inc -I../Drivers/STM32F4xx_HAL_Driver/Inc/Legacy -I../Drivers/CMSIS/Device/ST/STM32F4xx/Include -I../Drivers/CMSIS/Include -O0 -ffunction-sections -fdata-sections -Wall -fstack-usage -fcyclomatic-complexity -MMD -MP -MF"Core/Src/main.d" -MT"Core/Src/main.o" --specs=nano.specs -mfpu=fpv4-sp-d16 -mfloat-abi=hard -mthumb -o "Core/Src/main.o"
arm-none-eabi-gcc "../Core/Src/mpu6050.c" -mcpu=cortex-m4 -std=gnu11 -g3 -DDEBUG -DUSE_HAL_DRIVER -DSTM32F446xx -c -I../Core/Inc -I../Drivers/STM32F4xx_HAL_Driver/Inc -I../Drivers/STM32F4xx_HAL_Driver/Inc/Legacy -I../Drivers/CMSIS/Device/ST/STM32F4xx/Include -I../Drivers/CMSIS/Include -O0 -ffunction-sections -fdata-sections -Wall -fstack-usage -fcyclomatic-complexity -MMD -MP -MF"Core/Src/mpu6050.d" -MT"Core/Src/mpu6050.o" --specs=nano.specs -mfpu=fpv4-sp-d16 -mfloat-abi=hard -mthumb -o "Core/Src/mpu6050.o"
../Core/Src/mpu6050.c: In function 'mpu6050_init':
../Core/Src/mpu6050.c:6:11: warning: implicit declaration of function 'printf' [-Wimplicit-function-declaration]
    6 |           printf(".................................................\n");
      |           ^~~~~~
../Core/Src/mpu6050.c:3:1: note: include '<stdio.h>' or provide a declaration of 'printf'
    2 | #include<main.h>
  +++ |+#include <stdio.h>
    3 | extern I2C_HandleTypeDef hi2c1;
../Core/Src/mpu6050.c:6:11: warning: incompatible implicit declaration of built-in function 'printf' [-Wbuiltin-declaration-mismatch]
    6 |           printf(".................................................\n");
      |           ^~~~~~
../Core/Src/mpu6050.c:6:11: note: include '<stdio.h>' or provide a declaration of 'printf'
arm-none-eabi-gcc -o "MPU6050.elf" @"objects.list"   -mcpu=cortex-m4 -T"C:\Users\Piter\OneDrive\Pulpit\Robots\Ski-jumping-shoe\PZN_grant\MPU6050\STM32F446RETX_FLASH.ld" --specs=nosys.specs -Wl,-Map="MPU6050.map" -Wl,--gc-sections -static --specs=nano.specs -mfpu=fpv4-sp-d16 -mfloat-abi=hard -mthumb -Wl,--start-group -lc -lm -Wl,--end-group
Finished building target: MPU6050.elf
 
arm-none-eabi-size  MPU6050.elf 
arm-none-eabi-objdump -h -S MPU6050.elf  > "MPU6050.list"
   text	   data	    bss	    dec	    hex	filename
  15060	    104	   2064	  17228	   434c	MPU6050.elf
Finished building: default.size.stdout
 
Finished building: MPU6050.list
 
12:39:21 **** Incremental Build of configuration Debug for project MPU6050 ****
make -j12 all 
arm-none-eabi-gcc "../Core/Src/main.c" -mcpu=cortex-m4 -std=gnu11 -g3 -DDEBUG -DUSE_HAL_DRIVER -DSTM32F446xx -c -I../Core/Inc -I../Drivers/STM32F4xx_HAL_Driver/Inc -I../Drivers/STM32F4xx_HAL_Driver/Inc/Legacy -I../Drivers/CMSIS/Device/ST/STM32F4xx/Include -I../Drivers/CMSIS/Include -O0 -ffunction-sections -fdata-sections -Wall -fstack-usage -fcyclomatic-complexity -MMD -MP -MF"Core/Src/main.d" -MT"Core/Src/main.o" --specs=nano.specs -mfpu=fpv4-sp-d16 -mfloat-abi=hard -mthumb -o "Core/Src/main.o"
arm-none-eabi-gcc "../Core/Src/mpu6050.c" -mcpu=cortex-m4 -std=gnu11 -g3 -DDEBUG -DUSE_HAL_DRIVER -DSTM32F446xx -c -I../Core/Inc -I../Drivers/STM32F4xx_HAL_Driver/Inc -I../Drivers/STM32F4xx_HAL_Driver/Inc/Legacy -I../Drivers/CMSIS/Device/ST/STM32F4xx/Include -I../Drivers/CMSIS/Include -O0 -ffunction-sections -fdata-sections -Wall -fstack-usage -fcyclomatic-complexity -MMD -MP -MF"Core/Src/mpu6050.d" -MT"Core/Src/mpu6050.o" --specs=nano.specs -mfpu=fpv4-sp-d16 -mfloat-abi=hard -mthumb -o "Core/Src/mpu6050.o"
../Core/Src/mpu6050.c: In function 'mpu6050_init':
../Core/Src/mpu6050.c:6:11: warning: implicit declaration of function 'printf' [-Wimplicit-function-declaration]
    6 |           printf(".................................................\n");
      |           ^~~~~~
../Core/Src/mpu6050.c:3:1: note: include '<stdio.h>' or provide a declaration of 'printf'
    2 | #include<main.h>
  +++ |+#include <stdio.h>
    3 | extern I2C_HandleTypeDef hi2c1;
../Core/Src/mpu6050.c:6:11: warning: incompatible implicit declaration of built-in function 'printf' [-Wbuiltin-declaration-mismatch]
    6 |           printf(".................................................\n");
      |           ^~~~~~
../Core/Src/mpu6050.c:6:11: note: include '<stdio.h>' or provide a declaration of 'printf'
../Core/Src/mpu6050.c:27:19: error: redefinition of 'temp_data'
   27 |           uint8_t temp_data = 0b00001000; // set to +- 4g
      |                   ^~~~~~~~~
../Core/Src/mpu6050.c:17:19: note: previous definition of 'temp_data' with type 'uint8_t' {aka 'unsigned char'}
   17 |           uint8_t temp_data = 0b00001000; // set to
      |                   ^~~~~~~~~
../Core/Src/mpu6050.c:38:19: error: redefinition of 'temp_data'
   38 |           uint8_t temp_data = 0b00001000; // set to +- 4g
      |                   ^~~~~~~~~
../Core/Src/mpu6050.c:27:19: note: previous definition of 'temp_data' with type 'uint8_t' {aka 'unsigned char'}
   27 |           uint8_t temp_data = 0b00001000; // set to +- 4g
      |                   ^~~~~~~~~
make: *** [Core/Src/subdir.mk:37: Core/Src/mpu6050.o] Error 1
make: *** Waiting for unfinished jobs....
"make -j12 all" terminated with exit code 2. Build might be incomplete.
12:40:24 **** Incremental Build of configuration Debug for project MPU6050 ****
make -j12 all 
arm-none-eabi-gcc "../Core/Src/mpu6050.c" -mcpu=cortex-m4 -std=gnu11 -g3 -DDEBUG -DUSE_HAL_DRIVER -DSTM32F446xx -c -I../Core/Inc -I../Drivers/STM32F4xx_HAL_Driver/Inc -I../Drivers/STM32F4xx_HAL_Driver/Inc/Legacy -I../Drivers/CMSIS/Device/ST/STM32F4xx/Include -I../Drivers/CMSIS/Include -O0 -ffunction-sections -fdata-sections -Wall -fstack-usage -fcyclomatic-complexity -MMD -MP -MF"Core/Src/mpu6050.d" -MT"Core/Src/mpu6050.o" --specs=nano.specs -mfpu=fpv4-sp-d16 -mfloat-abi=hard -mthumb -o "Core/Src/mpu6050.o"
../Core/Src/mpu6050.c: In function 'mpu6050_init':
../Core/Src/mpu6050.c:6:11: warning: implicit declaration of function 'printf' [-Wimplicit-function-declaration]
    6 |           printf(".................................................\n");
      |           ^~~~~~
../Core/Src/mpu6050.c:3:1: note: include '<stdio.h>' or provide a declaration of 'printf'
    2 | #include<main.h>
  +++ |+#include <stdio.h>
    3 | extern I2C_HandleTypeDef hi2c1;
../Core/Src/mpu6050.c:6:11: warning: incompatible implicit declaration of built-in function 'printf' [-Wbuiltin-declaration-mismatch]
    6 |           printf(".................................................\n");
      |           ^~~~~~
../Core/Src/mpu6050.c:6:11: note: include '<stdio.h>' or provide a declaration of 'printf'
arm-none-eabi-gcc -o "MPU6050.elf" @"objects.list"   -mcpu=cortex-m4 -T"C:\Users\Piter\OneDrive\Pulpit\Robots\Ski-jumping-shoe\PZN_grant\MPU6050\STM32F446RETX_FLASH.ld" --specs=nosys.specs -Wl,-Map="MPU6050.map" -Wl,--gc-sections -static --specs=nano.specs -mfpu=fpv4-sp-d16 -mfloat-abi=hard -mthumb -Wl,--start-group -lc -lm -Wl,--end-group
Finished building target: MPU6050.elf
 
arm-none-eabi-size  MPU6050.elf 
arm-none-eabi-objdump -h -S MPU6050.elf  > "MPU6050.list"
   text	   data	    bss	    dec	    hex	filename
  15344	    104	   2064	  17512	   4468	MPU6050.elf
Finished building: default.size.stdout
 
Finished building: MPU6050.list
 
12:58:01 **** Incremental Build of configuration Debug for project MPU6050 ****
make -j12 all 
arm-none-eabi-gcc "../Core/Src/main.c" -mcpu=cortex-m4 -std=gnu11 -g3 -DDEBUG -DUSE_HAL_DRIVER -DSTM32F446xx -c -I../Core/Inc -I../Drivers/STM32F4xx_HAL_Driver/Inc -I../Drivers/STM32F4xx_HAL_Driver/Inc/Legacy -I../Drivers/CMSIS/Device/ST/STM32F4xx/Include -I../Drivers/CMSIS/Include -O0 -ffunction-sections -fdata-sections -Wall -fstack-usage -fcyclomatic-complexity -MMD -MP -MF"Core/Src/main.d" -MT"Core/Src/main.o" --specs=nano.specs -mfpu=fpv4-sp-d16 -mfloat-abi=hard -mthumb -o "Core/Src/main.o"
arm-none-eabi-gcc "../Core/Src/mpu6050.c" -mcpu=cortex-m4 -std=gnu11 -g3 -DDEBUG -DUSE_HAL_DRIVER -DSTM32F446xx -c -I../Core/Inc -I../Drivers/STM32F4xx_HAL_Driver/Inc -I../Drivers/STM32F4xx_HAL_Driver/Inc/Legacy -I../Drivers/CMSIS/Device/ST/STM32F4xx/Include -I../Drivers/CMSIS/Include -O0 -ffunction-sections -fdata-sections -Wall -fstack-usage -fcyclomatic-complexity -MMD -MP -MF"Core/Src/mpu6050.d" -MT"Core/Src/mpu6050.o" --specs=nano.specs -mfpu=fpv4-sp-d16 -mfloat-abi=hard -mthumb -o "Core/Src/mpu6050.o"
../Core/Src/mpu6050.c: In function 'mpu6050_init':
../Core/Src/mpu6050.c:6:11: warning: implicit declaration of function 'printf' [-Wimplicit-function-declaration]
    6 |           printf(".................................................\n");
      |           ^~~~~~
../Core/Src/mpu6050.c:3:1: note: include '<stdio.h>' or provide a declaration of 'printf'
    2 | #include<main.h>
  +++ |+#include <stdio.h>
    3 | extern I2C_HandleTypeDef hi2c1;
../Core/Src/mpu6050.c:6:11: warning: incompatible implicit declaration of built-in function 'printf' [-Wbuiltin-declaration-mismatch]
    6 |           printf(".................................................\n");
      |           ^~~~~~
../Core/Src/mpu6050.c:6:11: note: include '<stdio.h>' or provide a declaration of 'printf'
../Core/Src/mpu6050.c: In function 'mpu6050_read':
../Core/Src/mpu6050.c:53:48: warning: suggest parentheses around '+' inside '<<' [-Wparentheses]
   53 |         x_acc = ((int16_t)data_buffer[0]) << 8 + data_buffer[1];
      |                                              ~~^~~~~~~~~~~~~~~~
../Core/Src/mpu6050.c:54:9: warning: incompatible implicit declaration of built-in function 'printf' [-Wbuiltin-declaration-mismatch]
   54 |         printf("x axis acceleration: %d\n", x_acc);
      |         ^~~~~~
../Core/Src/mpu6050.c:54:9: note: include '<stdio.h>' or provide a declaration of 'printf'
arm-none-eabi-gcc -o "MPU6050.elf" @"objects.list"   -mcpu=cortex-m4 -T"C:\Users\Piter\OneDrive\Pulpit\Robots\Ski-jumping-shoe\PZN_grant\MPU6050\STM32F446RETX_FLASH.ld" --specs=nosys.specs -Wl,-Map="MPU6050.map" -Wl,--gc-sections -static --specs=nano.specs -mfpu=fpv4-sp-d16 -mfloat-abi=hard -mthumb -Wl,--start-group -lc -lm -Wl,--end-group
Finished building target: MPU6050.elf
 
arm-none-eabi-size  MPU6050.elf 
arm-none-eabi-objdump -h -S MPU6050.elf  > "MPU6050.list"
   text	   data	    bss	    dec	    hex	filename
  18828	    104	   2064	  20996	   5204	MPU6050.elf
Finished building: default.size.stdout
 
Finished building: MPU6050.list
 
12:58:29 **** Incremental Build of configuration Debug for project MPU6050 ****
make -j12 all 
arm-none-eabi-gcc "../Core/Src/main.c" -mcpu=cortex-m4 -std=gnu11 -g3 -DDEBUG -DUSE_HAL_DRIVER -DSTM32F446xx -c -I../Core/Inc -I../Drivers/STM32F4xx_HAL_Driver/Inc -I../Drivers/STM32F4xx_HAL_Driver/Inc/Legacy -I../Drivers/CMSIS/Device/ST/STM32F4xx/Include -I../Drivers/CMSIS/Include -O0 -ffunction-sections -fdata-sections -Wall -fstack-usage -fcyclomatic-complexity -MMD -MP -MF"Core/Src/main.d" -MT"Core/Src/main.o" --specs=nano.specs -mfpu=fpv4-sp-d16 -mfloat-abi=hard -mthumb -o "Core/Src/main.o"
arm-none-eabi-gcc -o "MPU6050.elf" @"objects.list"   -mcpu=cortex-m4 -T"C:\Users\Piter\OneDrive\Pulpit\Robots\Ski-jumping-shoe\PZN_grant\MPU6050\STM32F446RETX_FLASH.ld" --specs=nosys.specs -Wl,-Map="MPU6050.map" -Wl,--gc-sections -static --specs=nano.specs -mfpu=fpv4-sp-d16 -mfloat-abi=hard -mthumb -Wl,--start-group -lc -lm -Wl,--end-group
Finished building target: MPU6050.elf
 
arm-none-eabi-size  MPU6050.elf 
arm-none-eabi-objdump -h -S MPU6050.elf  > "MPU6050.list"
   text	   data	    bss	    dec	    hex	filename
  18908	    104	   2064	  21076	   5254	MPU6050.elf
Finished building: default.size.stdout
 
Finished building: MPU6050.list
 
12:58:52 **** Incremental Build of configuration Debug for project MPU6050 ****
make -j12 all 
arm-none-eabi-gcc "../Core/Src/main.c" -mcpu=cortex-m4 -std=gnu11 -g3 -DDEBUG -DUSE_HAL_DRIVER -DSTM32F446xx -c -I../Core/Inc -I../Drivers/STM32F4xx_HAL_Driver/Inc -I../Drivers/STM32F4xx_HAL_Driver/Inc/Legacy -I../Drivers/CMSIS/Device/ST/STM32F4xx/Include -I../Drivers/CMSIS/Include -O0 -ffunction-sections -fdata-sections -Wall -fstack-usage -fcyclomatic-complexity -MMD -MP -MF"Core/Src/main.d" -MT"Core/Src/main.o" --specs=nano.specs -mfpu=fpv4-sp-d16 -mfloat-abi=hard -mthumb -o "Core/Src/main.o"
arm-none-eabi-gcc -o "MPU6050.elf" @"objects.list"   -mcpu=cortex-m4 -T"C:\Users\Piter\OneDrive\Pulpit\Robots\Ski-jumping-shoe\PZN_grant\MPU6050\STM32F446RETX_FLASH.ld" --specs=nosys.specs -Wl,-Map="MPU6050.map" -Wl,--gc-sections -static --specs=nano.specs -mfpu=fpv4-sp-d16 -mfloat-abi=hard -mthumb -Wl,--start-group -lc -lm -Wl,--end-group
Finished building target: MPU6050.elf
 
arm-none-eabi-size  MPU6050.elf 
arm-none-eabi-objdump -h -S MPU6050.elf  > "MPU6050.list"
   text	   data	    bss	    dec	    hex	filename
  15296	    104	   2064	  17464	   4438	MPU6050.elf
Finished building: default.size.stdout
 
Finished building: MPU6050.list
 
12:59:39 **** Incremental Build of configuration Debug for project MPU6050 ****
make -j12 all 
arm-none-eabi-size  MPU6050.elf 
   text	   data	    bss	    dec	    hex	filename
  15296	    104	   2064	  17464	   4438	MPU6050.elf
Finished building: default.size.stdout
 
13:00:03 **** Incremental Build of configuration Debug for project MPU6050 ****
make -j12 all 
arm-none-eabi-gcc "../Core/Src/main.c" -mcpu=cortex-m4 -std=gnu11 -g3 -DDEBUG -DUSE_HAL_DRIVER -DSTM32F446xx -c -I../Core/Inc -I../Drivers/STM32F4xx_HAL_Driver/Inc -I../Drivers/STM32F4xx_HAL_Driver/Inc/Legacy -I../Drivers/CMSIS/Device/ST/STM32F4xx/Include -I../Drivers/CMSIS/Include -O0 -ffunction-sections -fdata-sections -Wall -fstack-usage -fcyclomatic-complexity -MMD -MP -MF"Core/Src/main.d" -MT"Core/Src/main.o" --specs=nano.specs -mfpu=fpv4-sp-d16 -mfloat-abi=hard -mthumb -o "Core/Src/main.o"
arm-none-eabi-gcc -o "MPU6050.elf" @"objects.list"   -mcpu=cortex-m4 -T"C:\Users\Piter\OneDrive\Pulpit\Robots\Ski-jumping-shoe\PZN_grant\MPU6050\STM32F446RETX_FLASH.ld" --specs=nosys.specs -Wl,-Map="MPU6050.map" -Wl,--gc-sections -static --specs=nano.specs -mfpu=fpv4-sp-d16 -mfloat-abi=hard -mthumb -Wl,--start-group -lc -lm -Wl,--end-group
Finished building target: MPU6050.elf
 
arm-none-eabi-size  MPU6050.elf 
arm-none-eabi-objdump -h -S MPU6050.elf  > "MPU6050.list"
   text	   data	    bss	    dec	    hex	filename
  18908	    104	   2064	  21076	   5254	MPU6050.elf
Finished building: default.size.stdout
 
Finished building: MPU6050.list
 
13:02:39 **** Incremental Build of configuration Debug for project MPU6050 ****
make -j12 all 
arm-none-eabi-gcc "../Core/Src/main.c" -mcpu=cortex-m4 -std=gnu11 -g3 -DDEBUG -DUSE_HAL_DRIVER -DSTM32F446xx -c -I../Core/Inc -I../Drivers/STM32F4xx_HAL_Driver/Inc -I../Drivers/STM32F4xx_HAL_Driver/Inc/Legacy -I../Drivers/CMSIS/Device/ST/STM32F4xx/Include -I../Drivers/CMSIS/Include -O0 -ffunction-sections -fdata-sections -Wall -fstack-usage -fcyclomatic-complexity -MMD -MP -MF"Core/Src/main.d" -MT"Core/Src/main.o" --specs=nano.specs -mfpu=fpv4-sp-d16 -mfloat-abi=hard -mthumb -o "Core/Src/main.o"
arm-none-eabi-gcc "../Core/Src/mpu6050.c" -mcpu=cortex-m4 -std=gnu11 -g3 -DDEBUG -DUSE_HAL_DRIVER -DSTM32F446xx -c -I../Core/Inc -I../Drivers/STM32F4xx_HAL_Driver/Inc -I../Drivers/STM32F4xx_HAL_Driver/Inc/Legacy -I../Drivers/CMSIS/Device/ST/STM32F4xx/Include -I../Drivers/CMSIS/Include -O0 -ffunction-sections -fdata-sections -Wall -fstack-usage -fcyclomatic-complexity -MMD -MP -MF"Core/Src/mpu6050.d" -MT"Core/Src/mpu6050.o" --specs=nano.specs -mfpu=fpv4-sp-d16 -mfloat-abi=hard -mthumb -o "Core/Src/mpu6050.o"
../Core/Src/mpu6050.c: In function 'mpu6050_init':
../Core/Src/mpu6050.c:6:11: warning: implicit declaration of function 'printf' [-Wimplicit-function-declaration]
    6 |           printf(".................................................\n");
      |           ^~~~~~
../Core/Src/mpu6050.c:3:1: note: include '<stdio.h>' or provide a declaration of 'printf'
    2 | #include<main.h>
  +++ |+#include <stdio.h>
    3 | extern I2C_HandleTypeDef hi2c1;
../Core/Src/mpu6050.c:6:11: warning: incompatible implicit declaration of built-in function 'printf' [-Wbuiltin-declaration-mismatch]
    6 |           printf(".................................................\n");
      |           ^~~~~~
../Core/Src/mpu6050.c:6:11: note: include '<stdio.h>' or provide a declaration of 'printf'
../Core/Src/mpu6050.c: In function 'mpu6050_read':
../Core/Src/mpu6050.c:54:9: warning: incompatible implicit declaration of built-in function 'printf' [-Wbuiltin-declaration-mismatch]
   54 |         printf("x axis acceleration: %d\n", x_acc);
      |         ^~~~~~
../Core/Src/mpu6050.c:54:9: note: include '<stdio.h>' or provide a declaration of 'printf'
arm-none-eabi-gcc -o "MPU6050.elf" @"objects.list"   -mcpu=cortex-m4 -T"C:\Users\Piter\OneDrive\Pulpit\Robots\Ski-jumping-shoe\PZN_grant\MPU6050\STM32F446RETX_FLASH.ld" --specs=nosys.specs -Wl,-Map="MPU6050.map" -Wl,--gc-sections -static --specs=nano.specs -mfpu=fpv4-sp-d16 -mfloat-abi=hard -mthumb -Wl,--start-group -lc -lm -Wl,--end-group
Finished building target: MPU6050.elf
 
arm-none-eabi-size  MPU6050.elf 
arm-none-eabi-objdump -h -S MPU6050.elf  > "MPU6050.list"
   text	   data	    bss	    dec	    hex	filename
  18912	    104	   2064	  21080	   5258	MPU6050.elf
Finished building: default.size.stdout
 
Finished building: MPU6050.list
 
13:04:49 **** Incremental Build of configuration Debug for project MPU6050 ****
make -j12 all 
arm-none-eabi-gcc "../Core/Src/main.c" -mcpu=cortex-m4 -std=gnu11 -g3 -DDEBUG -DUSE_HAL_DRIVER -DSTM32F446xx -c -I../Core/Inc -I../Drivers/STM32F4xx_HAL_Driver/Inc -I../Drivers/STM32F4xx_HAL_Driver/Inc/Legacy -I../Drivers/CMSIS/Device/ST/STM32F4xx/Include -I../Drivers/CMSIS/Include -O0 -ffunction-sections -fdata-sections -Wall -fstack-usage -fcyclomatic-complexity -MMD -MP -MF"Core/Src/main.d" -MT"Core/Src/main.o" --specs=nano.specs -mfpu=fpv4-sp-d16 -mfloat-abi=hard -mthumb -o "Core/Src/main.o"
arm-none-eabi-gcc "../Core/Src/mpu6050.c" -mcpu=cortex-m4 -std=gnu11 -g3 -DDEBUG -DUSE_HAL_DRIVER -DSTM32F446xx -c -I../Core/Inc -I../Drivers/STM32F4xx_HAL_Driver/Inc -I../Drivers/STM32F4xx_HAL_Driver/Inc/Legacy -I../Drivers/CMSIS/Device/ST/STM32F4xx/Include -I../Drivers/CMSIS/Include -O0 -ffunction-sections -fdata-sections -Wall -fstack-usage -fcyclomatic-complexity -MMD -MP -MF"Core/Src/mpu6050.d" -MT"Core/Src/mpu6050.o" --specs=nano.specs -mfpu=fpv4-sp-d16 -mfloat-abi=hard -mthumb -o "Core/Src/mpu6050.o"
../Core/Src/mpu6050.c: In function 'mpu6050_init':
../Core/Src/mpu6050.c:6:11: warning: implicit declaration of function 'printf' [-Wimplicit-function-declaration]
    6 |           printf(".................................................\n");
      |           ^~~~~~
../Core/Src/mpu6050.c:3:1: note: include '<stdio.h>' or provide a declaration of 'printf'
    2 | #include<main.h>
  +++ |+#include <stdio.h>
    3 | extern I2C_HandleTypeDef hi2c1;
../Core/Src/mpu6050.c:6:11: warning: incompatible implicit declaration of built-in function 'printf' [-Wbuiltin-declaration-mismatch]
    6 |           printf(".................................................\n");
      |           ^~~~~~
../Core/Src/mpu6050.c:6:11: note: include '<stdio.h>' or provide a declaration of 'printf'
../Core/Src/mpu6050.c: In function 'mpu6050_read':
../Core/Src/mpu6050.c:54:9: warning: incompatible implicit declaration of built-in function 'printf' [-Wbuiltin-declaration-mismatch]
   54 |         printf("x axis acceleration: %d\n", x_acc);
      |         ^~~~~~
../Core/Src/mpu6050.c:54:9: note: include '<stdio.h>' or provide a declaration of 'printf'
../Core/Src/mpu6050.c: In function 'mpu6050_read_all':
../Core/Src/mpu6050.c:64:9: warning: incompatible implicit declaration of built-in function 'printf' [-Wbuiltin-declaration-mismatch]
   64 |         printf("Failed to read sensor data!\n");
      |         ^~~~~~
../Core/Src/mpu6050.c:64:9: note: include '<stdio.h>' or provide a declaration of 'printf'
../Core/Src/mpu6050.c:89:5: warning: incompatible implicit declaration of built-in function 'printf' [-Wbuiltin-declaration-mismatch]
   89 |     printf("Accel (g): X=%.2f Y=%.2f Z=%.2f\n", ax_g, ay_g, az_g);
      |     ^~~~~~
../Core/Src/mpu6050.c:89:5: note: include '<stdio.h>' or provide a declaration of 'printf'
../Core/Src/main.c: In function 'main':
../Core/Src/main.c:115:11: warning: implicit declaration of function 'mpu6050_read_all'; did you mean 'mpu6050_read'? [-Wimplicit-function-declaration]
  115 |           mpu6050_read_all();
      |           ^~~~~~~~~~~~~~~~
      |           mpu6050_read
arm-none-eabi-gcc -o "MPU6050.elf" @"objects.list"   -mcpu=cortex-m4 -T"C:\Users\Piter\OneDrive\Pulpit\Robots\Ski-jumping-shoe\PZN_grant\MPU6050\STM32F446RETX_FLASH.ld" --specs=nosys.specs -Wl,-Map="MPU6050.map" -Wl,--gc-sections -static --specs=nano.specs -mfpu=fpv4-sp-d16 -mfloat-abi=hard -mthumb -Wl,--start-group -lc -lm -Wl,--end-group
Finished building target: MPU6050.elf
 
arm-none-eabi-size  MPU6050.elf 
arm-none-eabi-objdump -h -S MPU6050.elf  > "MPU6050.list"
   text	   data	    bss	    dec	    hex	filename
  20336	    104	   2064	  22504	   57e8	MPU6050.elf
Finished building: default.size.stdout
 
Finished building: MPU6050.list
 
13:06:53 **** Incremental Build of configuration Debug for project MPU6050 ****
make -j12 all 
arm-none-eabi-gcc -o "MPU6050.elf" @"objects.list"   -mcpu=cortex-m4 -T"C:\Users\Piter\OneDrive\Pulpit\Robots\Ski-jumping-shoe\PZN_grant\MPU6050\STM32F446RETX_FLASH.ld" --specs=nosys.specs -Wl,-Map="MPU6050.map" -Wl,--gc-sections -static -u _printf_float --specs=nano.specs -mfpu=fpv4-sp-d16 -mfloat-abi=hard -mthumb -Wl,--start-group -lc -lm -Wl,--end-group
Finished building target: MPU6050.elf
 
arm-none-eabi-size  MPU6050.elf 
arm-none-eabi-objdump -h -S MPU6050.elf  > "MPU6050.list"
   text	   data	    bss	    dec	    hex	filename
  29572	    468	   2060	  32100	   7d64	MPU6050.elf
Finished building: default.size.stdout
 
Finished building: MPU6050.list
 
13:08:38 **** Incremental Build of configuration Debug for project MPU6050 ****
make -j12 all 
arm-none-eabi-gcc "../Core/Src/main.c" -mcpu=cortex-m4 -std=gnu11 -g3 -DDEBUG -DUSE_HAL_DRIVER -DSTM32F446xx -c -I../Core/Inc -I../Drivers/STM32F4xx_HAL_Driver/Inc -I../Drivers/STM32F4xx_HAL_Driver/Inc/Legacy -I../Drivers/CMSIS/Device/ST/STM32F4xx/Include -I../Drivers/CMSIS/Include -O0 -ffunction-sections -fdata-sections -Wall -fstack-usage -fcyclomatic-complexity -MMD -MP -MF"Core/Src/main.d" -MT"Core/Src/main.o" --specs=nano.specs -mfpu=fpv4-sp-d16 -mfloat-abi=hard -mthumb -o "Core/Src/main.o"
arm-none-eabi-gcc "../Core/Src/mpu6050.c" -mcpu=cortex-m4 -std=gnu11 -g3 -DDEBUG -DUSE_HAL_DRIVER -DSTM32F446xx -c -I../Core/Inc -I../Drivers/STM32F4xx_HAL_Driver/Inc -I../Drivers/STM32F4xx_HAL_Driver/Inc/Legacy -I../Drivers/CMSIS/Device/ST/STM32F4xx/Include -I../Drivers/CMSIS/Include -O0 -ffunction-sections -fdata-sections -Wall -fstack-usage -fcyclomatic-complexity -MMD -MP -MF"Core/Src/mpu6050.d" -MT"Core/Src/mpu6050.o" --specs=nano.specs -mfpu=fpv4-sp-d16 -mfloat-abi=hard -mthumb -o "Core/Src/mpu6050.o"
../Core/Src/mpu6050.c: In function 'mpu6050_init':
../Core/Src/mpu6050.c:6:11: warning: implicit declaration of function 'printf' [-Wimplicit-function-declaration]
    6 |           printf(".................................................\n");
      |           ^~~~~~
../Core/Src/mpu6050.c:3:1: note: include '<stdio.h>' or provide a declaration of 'printf'
    2 | #include<main.h>
  +++ |+#include <stdio.h>
    3 | extern I2C_HandleTypeDef hi2c1;
../Core/Src/mpu6050.c:6:11: warning: incompatible implicit declaration of built-in function 'printf' [-Wbuiltin-declaration-mismatch]
    6 |           printf(".................................................\n");
      |           ^~~~~~
../Core/Src/mpu6050.c:6:11: note: include '<stdio.h>' or provide a declaration of 'printf'
../Core/Src/mpu6050.c: In function 'mpu6050_read':
../Core/Src/mpu6050.c:54:9: warning: incompatible implicit declaration of built-in function 'printf' [-Wbuiltin-declaration-mismatch]
   54 |         printf("x axis acceleration: %d\n", x_acc);
      |         ^~~~~~
../Core/Src/mpu6050.c:54:9: note: include '<stdio.h>' or provide a declaration of 'printf'
../Core/Src/mpu6050.c: In function 'mpu6050_read_all':
../Core/Src/mpu6050.c:64:9: warning: incompatible implicit declaration of built-in function 'printf' [-Wbuiltin-declaration-mismatch]
   64 |         printf("Failed to read sensor data!\n");
      |         ^~~~~~
../Core/Src/mpu6050.c:64:9: note: include '<stdio.h>' or provide a declaration of 'printf'
../Core/Src/mpu6050.c:89:5: warning: incompatible implicit declaration of built-in function 'printf' [-Wbuiltin-declaration-mismatch]
   89 |     printf("Accel (g): X=%.2f Y=%.2f Z=%.2f\n", ax_g, ay_g, az_g);
      |     ^~~~~~
../Core/Src/mpu6050.c:89:5: note: include '<stdio.h>' or provide a declaration of 'printf'
arm-none-eabi-gcc -o "MPU6050.elf" @"objects.list"   -mcpu=cortex-m4 -T"C:\Users\Piter\OneDrive\Pulpit\Robots\Ski-jumping-shoe\PZN_grant\MPU6050\STM32F446RETX_FLASH.ld" --specs=nosys.specs -Wl,-Map="MPU6050.map" -Wl,--gc-sections -static -u _printf_float --specs=nano.specs -mfpu=fpv4-sp-d16 -mfloat-abi=hard -mthumb -Wl,--start-group -lc -lm -Wl,--end-group
Finished building target: MPU6050.elf
 
arm-none-eabi-size  MPU6050.elf 
arm-none-eabi-objdump -h -S MPU6050.elf  > "MPU6050.list"
   text	   data	    bss	    dec	    hex	filename
  29572	    468	   2060	  32100	   7d64	MPU6050.elf
Finished building: default.size.stdout
 
Finished building: MPU6050.list
 
13:15:20 **** Incremental Build of configuration Debug for project MPU6050 ****
make -j12 all 
arm-none-eabi-gcc "../Core/Src/main.c" -mcpu=cortex-m4 -std=gnu11 -g3 -DDEBUG -DUSE_HAL_DRIVER -DSTM32F446xx -c -I../Core/Inc -I../Drivers/STM32F4xx_HAL_Driver/Inc -I../Drivers/STM32F4xx_HAL_Driver/Inc/Legacy -I../Drivers/CMSIS/Device/ST/STM32F4xx/Include -I../Drivers/CMSIS/Include -O0 -ffunction-sections -fdata-sections -Wall -fstack-usage -fcyclomatic-complexity -MMD -MP -MF"Core/Src/main.d" -MT"Core/Src/main.o" --specs=nano.specs -mfpu=fpv4-sp-d16 -mfloat-abi=hard -mthumb -o "Core/Src/main.o"
arm-none-eabi-gcc "../Core/Src/mpu6050.c" -mcpu=cortex-m4 -std=gnu11 -g3 -DDEBUG -DUSE_HAL_DRIVER -DSTM32F446xx -c -I../Core/Inc -I../Drivers/STM32F4xx_HAL_Driver/Inc -I../Drivers/STM32F4xx_HAL_Driver/Inc/Legacy -I../Drivers/CMSIS/Device/ST/STM32F4xx/Include -I../Drivers/CMSIS/Include -O0 -ffunction-sections -fdata-sections -Wall -fstack-usage -fcyclomatic-complexity -MMD -MP -MF"Core/Src/mpu6050.d" -MT"Core/Src/mpu6050.o" --specs=nano.specs -mfpu=fpv4-sp-d16 -mfloat-abi=hard -mthumb -o "Core/Src/mpu6050.o"
../Core/Src/mpu6050.c: In function 'mpu6050_init':
../Core/Src/mpu6050.c:16:11: warning: implicit declaration of function 'printf' [-Wimplicit-function-declaration]
   16 |           printf(".................................................\n");
      |           ^~~~~~
../Core/Src/mpu6050.c:5:1: note: include '<stdio.h>' or provide a declaration of 'printf'
    4 | #include <math.h>  // For atan2, sqrt
  +++ |+#include <stdio.h>
    5 | #define RAD_TO_DEG 57.2957795f
../Core/Src/mpu6050.c:16:11: warning: incompatible implicit declaration of built-in function 'printf' [-Wbuiltin-declaration-mismatch]
   16 |           printf(".................................................\n");
      |           ^~~~~~
../Core/Src/mpu6050.c:16:11: note: include '<stdio.h>' or provide a declaration of 'printf'
../Core/Src/mpu6050.c: In function 'mpu6050_read':
../Core/Src/mpu6050.c:64:9: warning: incompatible implicit declaration of built-in function 'printf' [-Wbuiltin-declaration-mismatch]
   64 |         printf("x axis acceleration: %d\n", x_acc);
      |         ^~~~~~
../Core/Src/mpu6050.c:64:9: note: include '<stdio.h>' or provide a declaration of 'printf'
../Core/Src/mpu6050.c: In function 'mpu6050_read_all':
../Core/Src/mpu6050.c:74:9: warning: incompatible implicit declaration of built-in function 'printf' [-Wbuiltin-declaration-mismatch]
   74 |         printf("Failed to read sensor data!\n");
      |         ^~~~~~
../Core/Src/mpu6050.c:74:9: note: include '<stdio.h>' or provide a declaration of 'printf'
../Core/Src/mpu6050.c:99:5: warning: incompatible implicit declaration of built-in function 'printf' [-Wbuiltin-declaration-mismatch]
   99 |     printf("Accel (g): X=%.2f Y=%.2f Z=%.2f\n", ax_g, ay_g, az_g);
      |     ^~~~~~
../Core/Src/mpu6050.c:99:5: note: include '<stdio.h>' or provide a declaration of 'printf'
../Core/Src/mpu6050.c: In function 'mpu6050_complementary_filter':
../Core/Src/mpu6050.c:141:5: warning: incompatible implicit declaration of built-in function 'printf' [-Wbuiltin-declaration-mismatch]
  141 |     printf("ROLL: %.2f\tPITCH: %.2f\n", roll, pitch);
      |     ^~~~~~
../Core/Src/mpu6050.c:141:5: note: include '<stdio.h>' or provide a declaration of 'printf'
../Core/Src/mpu6050.c:107:29: warning: variable 'gyro_z' set but not used [-Wunused-but-set-variable]
  107 |     int16_t gyro_x, gyro_y, gyro_z;
      |                             ^~~~~~
../Core/Src/main.c: In function 'main':
../Core/Src/main.c:117:11: warning: implicit declaration of function 'mpu6050_complementary_filter_update'; did you mean 'mpu6050_complementary_filter'? [-Wimplicit-function-declaration]
  117 |           mpu6050_complementary_filter_update();
      |           ^~~~~~~~~~~~~~~~~~~~~~~~~~~~~~~~~~~
      |           mpu6050_complementary_filter
arm-none-eabi-gcc -o "MPU6050.elf" @"objects.list"   -mcpu=cortex-m4 -T"C:\Users\Piter\OneDrive\Pulpit\Robots\Ski-jumping-shoe\PZN_grant\MPU6050\STM32F446RETX_FLASH.ld" --specs=nosys.specs -Wl,-Map="MPU6050.map" -Wl,--gc-sections -static -u _printf_float --specs=nano.specs -mfpu=fpv4-sp-d16 -mfloat-abi=hard -mthumb -Wl,--start-group -lc -lm -Wl,--end-group
C:/ST/STM32CubeIDE_1.13.2/STM32CubeIDE/plugins/com.st.stm32cube.ide.mcu.externaltools.gnu-tools-for-stm32.13.3.rel1.win32_1.0.0.202411081344/tools/bin/../lib/gcc/arm-none-eabi/13.3.1/../../../../arm-none-eabi/bin/ld.exe: ./Core/Src/main.o: in function `main':
C:/Users/Piter/OneDrive/Pulpit/Robots/Ski-jumping-shoe/PZN_grant/MPU6050/Debug/../Core/Src/main.c:117:(.text.main+0x1c): undefined reference to `mpu6050_complementary_filter_update'
collect2.exe: error: ld returned 1 exit status
make: *** [makefile:64: MPU6050.elf] Error 1
"make -j12 all" terminated with exit code 2. Build might be incomplete.
13:16:02 **** Incremental Build of configuration Debug for project MPU6050 ****
make -j12 all 
arm-none-eabi-gcc "../Core/Src/main.c" -mcpu=cortex-m4 -std=gnu11 -g3 -DDEBUG -DUSE_HAL_DRIVER -DSTM32F446xx -c -I../Core/Inc -I../Drivers/STM32F4xx_HAL_Driver/Inc -I../Drivers/STM32F4xx_HAL_Driver/Inc/Legacy -I../Drivers/CMSIS/Device/ST/STM32F4xx/Include -I../Drivers/CMSIS/Include -O0 -ffunction-sections -fdata-sections -Wall -fstack-usage -fcyclomatic-complexity -MMD -MP -MF"Core/Src/main.d" -MT"Core/Src/main.o" --specs=nano.specs -mfpu=fpv4-sp-d16 -mfloat-abi=hard -mthumb -o "Core/Src/main.o"
arm-none-eabi-gcc -o "MPU6050.elf" @"objects.list"   -mcpu=cortex-m4 -T"C:\Users\Piter\OneDrive\Pulpit\Robots\Ski-jumping-shoe\PZN_grant\MPU6050\STM32F446RETX_FLASH.ld" --specs=nosys.specs -Wl,-Map="MPU6050.map" -Wl,--gc-sections -static -u _printf_float --specs=nano.specs -mfpu=fpv4-sp-d16 -mfloat-abi=hard -mthumb -Wl,--start-group -lc -lm -Wl,--end-group
Finished building target: MPU6050.elf
 
arm-none-eabi-size  MPU6050.elf 
arm-none-eabi-objdump -h -S MPU6050.elf  > "MPU6050.list"
   text	   data	    bss	    dec	    hex	filename
  31828	    468	   2076	  34372	   8644	MPU6050.elf
Finished building: default.size.stdout
 
Finished building: MPU6050.list
 
